Using pre-set license
Built from '2020.3/china_unity/release' branch; Version is '2020.3.13f1c1 (93b9df9a3ddc) revision 9681375'; Using compiler version '192528614'; Build Type 'Release'
OS: 'Windows 10 Home China; OS build 19043.1288; Version 2009; 64bit' Language: 'zh' Physical Memory: 8037 MB
BatchMode: 1, IsHumanControllingUs: 0, StartBugReporterOnCrash: 0, Is64bit: 1, IsPro: 0

 COMMAND LINE ARGUMENTS:
C:\Program Files\Unity\Hub\Editor\2020.3.13f1c1\Editor\Unity.exe
-adb2
-batchMode
-noUpm
-name
AssetImportWorker0
-projectPath
C:/Users/26560/Desktop/GameProject/DialogLogic
-logFile
Logs/AssetImportWorker0.log
-srvPort
55628
Successfully changed project path to: C:/Users/26560/Desktop/GameProject/DialogLogic
C:/Users/26560/Desktop/GameProject/DialogLogic
Using Asset Import Pipeline V2.
Refreshing native plugins compatible for Editor in 60.99 ms, found 3 plugins.
Preloading 0 native plugins for Editor in 0.00 ms.
Initialize engine version: 2020.3.13f1c1 (93b9df9a3ddc)
[Subsystems] Discovering subsystems at path C:/Program Files/Unity/Hub/Editor/2020.3.13f1c1/Editor/Data/Resources/UnitySubsystems
[Subsystems] Discovering subsystems at path C:/Users/26560/Desktop/GameProject/DialogLogic/Assets
GfxDevice: creating device client; threaded=0
Direct3D:
    Version:  Direct3D 11.0 [level 11.1]
    Renderer: NVIDIA GeForce MX250 (ID=0x1d52)
    Vendor:   
    VRAM:     1983 MB
    Driver:   26.21.14.3650
Initialize mono
Mono path[0] = 'C:/Program Files/Unity/Hub/Editor/2020.3.13f1c1/Editor/Data/Managed'
Mono path[1] = 'C:/Program Files/Unity/Hub/Editor/2020.3.13f1c1/Editor/Data/MonoBleedingEdge/lib/mono/unityjit'
Mono config path = 'C:/Program Files/Unity/Hub/Editor/2020.3.13f1c1/Editor/Data/MonoBleedingEdge/etc'
Using monoOptions --debugger-agent=transport=dt_socket,embedding=1,server=y,suspend=n,address=127.0.0.1:56128
Begin MonoManager ReloadAssembly
Registering precompiled unity dll's ...
Register platform support module: C:/Program Files/Unity/Hub/Editor/2020.3.13f1c1/Editor/Data/PlaybackEngines/WindowsStandaloneSupport/UnityEditor.WindowsStandalone.Extensions.dll
Registered in 0.004523 seconds.
Native extension for WindowsStandalone target not found
Refreshing native plugins compatible for Editor in 44.39 ms, found 3 plugins.
Preloading 0 native plugins for Editor in 0.00 ms.
Mono: successfully reloaded assembly
- Completed reload, in  2.652 seconds
Platform modules already initialized, skipping
Registering precompiled user dll's ...
Registered in 0.012526 seconds.
Begin MonoManager ReloadAssembly
Native extension for WindowsStandalone target not found
Refreshing native plugins compatible for Editor in 44.24 ms, found 3 plugins.
Preloading 0 native plugins for Editor in 0.00 ms.
Mono: successfully reloaded assembly
- Completed reload, in  1.389 seconds
Platform modules already initialized, skipping
========================================================================
Worker process is ready to serve import requests
Launched and connected shader compiler UnityShaderCompiler.exe after 0.05 seconds
Refreshing native plugins compatible for Editor in 0.52 ms, found 3 plugins.
Preloading 0 native plugins for Editor in 0.00 ms.
Unloading 2227 Unused Serialized files (Serialized files now loaded: 0)
System memory in use before: 97.0 MB.
System memory in use after: 97.1 MB.

Unloading 33 unused Assets to reduce memory usage. Loaded Objects now: 2660.
Total: 3.004400 ms (FindLiveObjects: 0.234900 ms CreateObjectMapping: 0.105300 ms MarkObjects: 2.583900 ms  DeleteObjects: 0.078300 ms)

AssetImportParameters requested are different than current active one (requested -> active):
  custom:framework-win-MediaFoundation: 216162199b28c13a410421893ffa2e32 -> 
  custom:video-decoder-ogg-theora: a1e56fd34408186e4bbccfd4996cb3dc -> 
  custom:container-muxer-webm: aa71ff27fc2769a1b78a27578f13a17b -> 
  custom:container-demuxer-webm: 4f35f7cbe854078d1ac9338744f61a02 -> 
  custom:container-demuxer-ogg: 62fdf1f143b41e24485cea50d1cbac27 -> 
  custom:video-encoder-webm-vp8: eb34c28f22e8b96e1ab97ce403110664 -> 
  custom:video-decoder-webm-vp8: 9c59270c3fd7afecdb556c50c9e8de78 -> 
  custom:audio-decoder-ogg-vorbis: bf7c407c2cedff20999df2af8eb42d56 -> 
  custom:audio-encoder-webm-vorbis: bf7c407c2cedff20999df2af8eb42d56 -> 
========================================================================
Received Import Request.
  path: Assets/ExcelImporter
  artifactKey: Guid(8fa9dfa6d8c2343409e1f05977dd99b5) Importer(815301076,1909f56bfc062723c751e8b465ee728b)
Start importing Assets/ExcelImporter using Guid(8fa9dfa6d8c2343409e1f05977dd99b5) Importer(815301076,1909f56bfc062723c751e8b465ee728b)  -> (artifact id: '950f415605e742010f1de3e4bb6feac4') in 0.006014 seconds 
  Import took 0.009626 seconds .

========================================================================
Received Import Request.
  Time since last request: 0.000356 seconds.
  path: Assets/Scripts/CardTable.asset
  artifactKey: Guid(a0295349c66aef64598c3d15334563b3) Importer(815301076,1909f56bfc062723c751e8b465ee728b)
Start importing Assets/Scripts/CardTable.asset using Guid(a0295349c66aef64598c3d15334563b3) Importer(815301076,1909f56bfc062723c751e8b465ee728b)  -> (artifact id: '0944fe6540cb9d297b74c04a2089b4e7') in 0.042064 seconds 
  Import took 0.045386 seconds .

========================================================================
Received Import Request.
  Time since last request: 0.000349 seconds.
  path: Assets/Scripts
  artifactKey: Guid(d0b17c1d96824cc44a32aebdbcc11d30) Importer(815301076,1909f56bfc062723c751e8b465ee728b)
Start importing Assets/Scripts using Guid(d0b17c1d96824cc44a32aebdbcc11d30) Importer(815301076,1909f56bfc062723c751e8b465ee728b)  -> (artifact id: '88708acec89e4cdf457afc5cf176c671') in 0.003298 seconds 
  Import took 0.008036 seconds .

========================================================================
Received Import Request.
  Time since last request: 0.662294 seconds.
  path: Assets/Scripts/Ink2Unity
  artifactKey: Guid(9eeb51cfbb5e9cc43860b7cc722e4c74) Importer(815301076,1909f56bfc062723c751e8b465ee728b)
Start importing Assets/Scripts/Ink2Unity using Guid(9eeb51cfbb5e9cc43860b7cc722e4c74) Importer(815301076,1909f56bfc062723c751e8b465ee728b)  -> (artifact id: '998310c959559bc20f0bef66c20d50a6') in 0.003416 seconds 
  Import took 0.007769 seconds .

========================================================================
Received Import Request.
  Time since last request: 5.548950 seconds.
  path: Assets/Scripts/Ink2Unity/Role.cs
  artifactKey: Guid(485fa5e49494d40408244fad263fbc3d) Importer(815301076,1909f56bfc062723c751e8b465ee728b)
Start importing Assets/Scripts/Ink2Unity/Role.cs using Guid(485fa5e49494d40408244fad263fbc3d) Importer(815301076,1909f56bfc062723c751e8b465ee728b)  -> (artifact id: 'a19841dcbbcc58d319c8ab8cd5f476ac') in 0.016886 seconds 
  Import took 0.020869 seconds .

========================================================================
Received Import Request.
  Time since last request: 1.464765 seconds.
  path: Assets/Scripts/Ink2Unity/TalkControl.cs
  artifactKey: Guid(f6308c7b7c695ea4e81390fba89d101c) Importer(815301076,1909f56bfc062723c751e8b465ee728b)
Start importing Assets/Scripts/Ink2Unity/TalkControl.cs using Guid(f6308c7b7c695ea4e81390fba89d101c) Importer(815301076,1909f56bfc062723c751e8b465ee728b)  -> (artifact id: 'e39b53443e98bd10d17acb6229fd1b5d') in 0.003467 seconds 
  Import took 0.007393 seconds .

========================================================================
Received Import Request.
  Time since last request: 0.326918 seconds.
  path: Assets/Scripts/Ink2Unity/TalkControl.cs
  artifactKey: Guid(f6308c7b7c695ea4e81390fba89d101c) Importer(815301076,1909f56bfc062723c751e8b465ee728b)
Start importing Assets/Scripts/Ink2Unity/TalkControl.cs using Guid(f6308c7b7c695ea4e81390fba89d101c) Importer(815301076,1909f56bfc062723c751e8b465ee728b)  -> (artifact id: 'e39b53443e98bd10d17acb6229fd1b5d') in 0.003572 seconds 
  Import took 0.007077 seconds .

========================================================================
Received Import Request.
  Time since last request: 7.057755 seconds.
  path: Assets/Scripts/Ink2Unity/FunctionTest.cs
  artifactKey: Guid(973529a7784c4fa44a6a3837b38124d2) Importer(815301076,1909f56bfc062723c751e8b465ee728b)
Start importing Assets/Scripts/Ink2Unity/FunctionTest.cs using Guid(973529a7784c4fa44a6a3837b38124d2) Importer(815301076,1909f56bfc062723c751e8b465ee728b)  -> (artifact id: '508e84788188eee3aa2984cb68166413') in 0.003238 seconds 
  Import took 0.006803 seconds .

========================================================================
Received Import Request.
  Time since last request: 0.004886 seconds.
  path: Assets/Scripts/Ink2Unity/FunctionTest.cs
  artifactKey: Guid(973529a7784c4fa44a6a3837b38124d2) Importer(815301076,1909f56bfc062723c751e8b465ee728b)
Start importing Assets/Scripts/Ink2Unity/FunctionTest.cs using Guid(973529a7784c4fa44a6a3837b38124d2) Importer(815301076,1909f56bfc062723c751e8b465ee728b)  -> (artifact id: '508e84788188eee3aa2984cb68166413') in 0.002888 seconds 
  Import took 0.006941 seconds .

========================================================================
Received Prepare
Registering precompiled user dll's ...
Registered in 0.033114 seconds.
Begin MonoManager ReloadAssembly
Native extension for WindowsStandalone target not found
Refreshing native plugins compatible for Editor in 0.63 ms, found 3 plugins.
Preloading 0 native plugins for Editor in 0.00 ms.
Mono: successfully reloaded assembly
- Completed reload, in  1.405 seconds
Platform modules already initialized, skipping
Refreshing native plugins compatible for Editor in 0.62 ms, found 3 plugins.
Preloading 0 native plugins for Editor in 0.00 ms.
Unloading 2216 Unused Serialized files (Serialized files now loaded: 0)
System memory in use before: 96.6 MB.
System memory in use after: 96.7 MB.

Unloading 22 unused Assets to reduce memory usage. Loaded Objects now: 2663.
Total: 3.267400 ms (FindLiveObjects: 0.293100 ms CreateObjectMapping: 0.083200 ms MarkObjects: 2.862400 ms  DeleteObjects: 0.027400 ms)

AssetImportParameters requested are different than current active one (requested -> active):
  custom:framework-win-MediaFoundation: 216162199b28c13a410421893ffa2e32 -> 
  custom:video-decoder-ogg-theora: a1e56fd34408186e4bbccfd4996cb3dc -> 
  custom:container-muxer-webm: aa71ff27fc2769a1b78a27578f13a17b -> 
  custom:container-demuxer-webm: 4f35f7cbe854078d1ac9338744f61a02 -> 
  custom:container-demuxer-ogg: 62fdf1f143b41e24485cea50d1cbac27 -> 
  custom:video-encoder-webm-vp8: eb34c28f22e8b96e1ab97ce403110664 -> 
  custom:video-decoder-webm-vp8: 9c59270c3fd7afecdb556c50c9e8de78 -> 
  custom:audio-decoder-ogg-vorbis: bf7c407c2cedff20999df2af8eb42d56 -> 
  custom:audio-encoder-webm-vorbis: bf7c407c2cedff20999df2af8eb42d56 -> 
========================================================================
Received Import Request.
  Time since last request: 40.832833 seconds.
  path: Assets/Scripts/Ink2Unity/RoleImageControl.cs
  artifactKey: Guid(b207d641d404cef4f83ffec9c7aca07c) Importer(815301076,1909f56bfc062723c751e8b465ee728b)
Start importing Assets/Scripts/Ink2Unity/RoleImageControl.cs using Guid(b207d641d404cef4f83ffec9c7aca07c) Importer(815301076,1909f56bfc062723c751e8b465ee728b)  -> (artifact id: '0b6d11702320ffb1e300d10326a7d769') in 0.006463 seconds 
  Import took 0.010709 seconds .

========================================================================
Received Import Request.
  Time since last request: 0.031542 seconds.
  path: Assets/Scripts/Ink2Unity/RoleImageControl.cs
  artifactKey: Guid(b207d641d404cef4f83ffec9c7aca07c) Importer(815301076,1909f56bfc062723c751e8b465ee728b)
Start importing Assets/Scripts/Ink2Unity/RoleImageControl.cs using Guid(b207d641d404cef4f83ffec9c7aca07c) Importer(815301076,1909f56bfc062723c751e8b465ee728b)  -> (artifact id: '0b6d11702320ffb1e300d10326a7d769') in 0.003256 seconds 
  Import took 0.007365 seconds .

========================================================================
Received Import Request.
  Time since last request: 6.023410 seconds.
  path: Assets/Scripts/Ink2Unity/Speaker.cs
  artifactKey: Guid(88388674ed9081145ad31797e008c70f) Importer(815301076,1909f56bfc062723c751e8b465ee728b)
Start importing Assets/Scripts/Ink2Unity/Speaker.cs using Guid(88388674ed9081145ad31797e008c70f) Importer(815301076,1909f56bfc062723c751e8b465ee728b)  -> (artifact id: 'cfe0d0ac40faa677f2e4d58f887fb8ac') in 0.004232 seconds 
  Import took 0.008816 seconds .

========================================================================
Received Import Request.
  Time since last request: 0.001931 seconds.
  path: Assets/Scripts/Ink2Unity/Speaker.cs
  artifactKey: Guid(88388674ed9081145ad31797e008c70f) Importer(815301076,1909f56bfc062723c751e8b465ee728b)
Start importing Assets/Scripts/Ink2Unity/Speaker.cs using Guid(88388674ed9081145ad31797e008c70f) Importer(815301076,1909f56bfc062723c751e8b465ee728b)  -> (artifact id: 'cfe0d0ac40faa677f2e4d58f887fb8ac') in 0.004044 seconds 
  Import took 0.008605 seconds .

========================================================================
Received Import Request.
  Time since last request: 2.022170 seconds.
  path: Assets/Scripts/Ink2Unity/SpeechArt.cs
  artifactKey: Guid(c16b33f6294ba804a94725d724e97e82) Importer(815301076,1909f56bfc062723c751e8b465ee728b)
Start importing Assets/Scripts/Ink2Unity/SpeechArt.cs using Guid(c16b33f6294ba804a94725d724e97e82) Importer(815301076,1909f56bfc062723c751e8b465ee728b)  -> (artifact id: 'c926be1f50898ecf9ac5b27029fcedbe') in 0.004278 seconds 
  Import took 0.008315 seconds .

========================================================================
Received Import Request.
  Time since last request: 0.463232 seconds.
  path: Assets/Scripts/Ink2Unity/TagHandle.cs
  artifactKey: Guid(c6e7d27a1eef6f846bc172bf0e2d5077) Importer(815301076,1909f56bfc062723c751e8b465ee728b)
Start importing Assets/Scripts/Ink2Unity/TagHandle.cs using Guid(c6e7d27a1eef6f846bc172bf0e2d5077) Importer(815301076,1909f56bfc062723c751e8b465ee728b)  -> (artifact id: '3ea802792ea548aa670d01fda1cfaed5') in 0.004101 seconds 
  Import took 0.009430 seconds .

========================================================================
Received Import Request.
  Time since last request: 0.001371 seconds.
  path: Assets/Scripts/Ink2Unity/TagHandle.cs
  artifactKey: Guid(c6e7d27a1eef6f846bc172bf0e2d5077) Importer(815301076,1909f56bfc062723c751e8b465ee728b)
Start importing Assets/Scripts/Ink2Unity/TagHandle.cs using Guid(c6e7d27a1eef6f846bc172bf0e2d5077) Importer(815301076,1909f56bfc062723c751e8b465ee728b)  -> (artifact id: '3ea802792ea548aa670d01fda1cfaed5') in 0.004168 seconds 
  Import took 0.008103 seconds .

========================================================================
Received Import Request.
  Time since last request: 5.941751 seconds.
  path: Assets/Scripts/Ink2Unity/Choice.cs
  artifactKey: Guid(d4dcf96b1efe3a94283757b05d613df2) Importer(815301076,1909f56bfc062723c751e8b465ee728b)
Start importing Assets/Scripts/Ink2Unity/Choice.cs using Guid(d4dcf96b1efe3a94283757b05d613df2) Importer(815301076,1909f56bfc062723c751e8b465ee728b)  -> (artifact id: 'fa43599e5a916115c86bfff8a9e60c3b') in 0.003827 seconds 
  Import took 0.008621 seconds .

========================================================================
Received Import Request.
  Time since last request: 0.001090 seconds.
  path: Assets/Scripts/Ink2Unity/Choice.cs
  artifactKey: Guid(d4dcf96b1efe3a94283757b05d613df2) Importer(815301076,1909f56bfc062723c751e8b465ee728b)
Start importing Assets/Scripts/Ink2Unity/Choice.cs using Guid(d4dcf96b1efe3a94283757b05d613df2) Importer(815301076,1909f56bfc062723c751e8b465ee728b)  -> (artifact id: 'fa43599e5a916115c86bfff8a9e60c3b') in 0.003707 seconds 
  Import took 0.008046 seconds .

========================================================================
Received Import Request.
  Time since last request: 1.187095 seconds.
  path: Assets/Scripts/Ink2Unity/Ink2Unity.cs
  artifactKey: Guid(3caa75a0c79fa0c45affb3665aa64dcb) Importer(815301076,1909f56bfc062723c751e8b465ee728b)
Start importing Assets/Scripts/Ink2Unity/Ink2Unity.cs using Guid(3caa75a0c79fa0c45affb3665aa64dcb) Importer(815301076,1909f56bfc062723c751e8b465ee728b)  -> (artifact id: '90ef256e1798598999381c82fb8007b2') in 0.004175 seconds 
  Import took 0.008552 seconds .

========================================================================
Received Prepare
Registering precompiled user dll's ...
Registered in 0.014257 seconds.
Begin MonoManager ReloadAssembly
Native extension for WindowsStandalone target not found
Refreshing native plugins compatible for Editor in 0.51 ms, found 3 plugins.
Preloading 0 native plugins for Editor in 0.00 ms.
Mono: successfully reloaded assembly
- Completed reload, in  1.230 seconds
Platform modules already initialized, skipping
Refreshing native plugins compatible for Editor in 0.65 ms, found 3 plugins.
Preloading 0 native plugins for Editor in 0.00 ms.
Unloading 2216 Unused Serialized files (Serialized files now loaded: 0)
System memory in use before: 96.6 MB.
System memory in use after: 96.7 MB.

Unloading 21 unused Assets to reduce memory usage. Loaded Objects now: 2667.
Total: 2.870100 ms (FindLiveObjects: 0.251600 ms CreateObjectMapping: 0.072300 ms MarkObjects: 2.525800 ms  DeleteObjects: 0.019300 ms)

AssetImportParameters requested are different than current active one (requested -> active):
  custom:framework-win-MediaFoundation: 216162199b28c13a410421893ffa2e32 -> 
  custom:video-decoder-ogg-theora: a1e56fd34408186e4bbccfd4996cb3dc -> 
  custom:container-muxer-webm: aa71ff27fc2769a1b78a27578f13a17b -> 
  custom:container-demuxer-webm: 4f35f7cbe854078d1ac9338744f61a02 -> 
  custom:container-demuxer-ogg: 62fdf1f143b41e24485cea50d1cbac27 -> 
  custom:video-encoder-webm-vp8: eb34c28f22e8b96e1ab97ce403110664 -> 
  custom:video-decoder-webm-vp8: 9c59270c3fd7afecdb556c50c9e8de78 -> 
  custom:audio-decoder-ogg-vorbis: bf7c407c2cedff20999df2af8eb42d56 -> 
  custom:audio-encoder-webm-vorbis: bf7c407c2cedff20999df2af8eb42d56 -> 
========================================================================
Received Import Request.
  Time since last request: 63.251529 seconds.
  path: Assets/Scripts/Ink2Unity/Ink2Unity.cs
  artifactKey: Guid(3caa75a0c79fa0c45affb3665aa64dcb) Importer(815301076,1909f56bfc062723c751e8b465ee728b)
Start importing Assets/Scripts/Ink2Unity/Ink2Unity.cs using Guid(3caa75a0c79fa0c45affb3665aa64dcb) Importer(815301076,1909f56bfc062723c751e8b465ee728b)  -> (artifact id: 'c7de608d52be914d008e2001c8fc12e3') in 0.006032 seconds 
  Import took 0.010077 seconds .

========================================================================
Received Import Request.
  Time since last request: 78.482147 seconds.
  path: Assets/Scripts/CardGameManager.cs
  artifactKey: Guid(39bae08728f751146b3d4a15cc7a4745) Importer(815301076,1909f56bfc062723c751e8b465ee728b)
Start importing Assets/Scripts/CardGameManager.cs using Guid(39bae08728f751146b3d4a15cc7a4745) Importer(815301076,1909f56bfc062723c751e8b465ee728b)  -> (artifact id: '5808f45b0073e3c4288a1993eeae8637') in 0.003752 seconds 
  Import took 0.008061 seconds .

========================================================================
Received Import Request.
  Time since last request: 0.006220 seconds.
  path: Assets/Scripts/CardGameManager.cs
  artifactKey: Guid(39bae08728f751146b3d4a15cc7a4745) Importer(815301076,1909f56bfc062723c751e8b465ee728b)
Start importing Assets/Scripts/CardGameManager.cs using Guid(39bae08728f751146b3d4a15cc7a4745) Importer(815301076,1909f56bfc062723c751e8b465ee728b)  -> (artifact id: '5808f45b0073e3c4288a1993eeae8637') in 0.004169 seconds 
  Import took 0.008837 seconds .

========================================================================
Received Import Request.
  Time since last request: 11.126311 seconds.
  path: Assets/Scripts/CardGameManager.cs
  artifactKey: Guid(39bae08728f751146b3d4a15cc7a4745) Importer(815301076,1909f56bfc062723c751e8b465ee728b)
Start importing Assets/Scripts/CardGameManager.cs using Guid(39bae08728f751146b3d4a15cc7a4745) Importer(815301076,1909f56bfc062723c751e8b465ee728b)  -> (artifact id: '9cf773d7ae391b3fc9b8988c5e27fa76') in 0.004153 seconds 
  Import took 0.008759 seconds .

========================================================================
Received Import Request.
  Time since last request: 2.661245 seconds.
  path: Assets/Scripts/Character.cs
  artifactKey: Guid(f29bfef6ce694a4e8b2e1bba85ca9776) Importer(815301076,1909f56bfc062723c751e8b465ee728b)
Start importing Assets/Scripts/Character.cs using Guid(f29bfef6ce694a4e8b2e1bba85ca9776) Importer(815301076,1909f56bfc062723c751e8b465ee728b)  -> (artifact id: 'e0682862a0214824f9e479f418518ef6') in 0.003797 seconds 
  Import took 0.007921 seconds .

========================================================================
Received Import Request.
  Time since last request: 0.001200 seconds.
  path: Assets/Scripts/Character.cs
  artifactKey: Guid(f29bfef6ce694a4e8b2e1bba85ca9776) Importer(815301076,1909f56bfc062723c751e8b465ee728b)
Start importing Assets/Scripts/Character.cs using Guid(f29bfef6ce694a4e8b2e1bba85ca9776) Importer(815301076,1909f56bfc062723c751e8b465ee728b)  -> (artifact id: 'e0682862a0214824f9e479f418518ef6') in 0.004320 seconds 
  Import took 0.008646 seconds .

========================================================================
Received Import Request.
  Time since last request: 10.117216 seconds.
  path: Assets/Scripts/Character.cs
  artifactKey: Guid(f29bfef6ce694a4e8b2e1bba85ca9776) Importer(815301076,1909f56bfc062723c751e8b465ee728b)
Start importing Assets/Scripts/Character.cs using Guid(f29bfef6ce694a4e8b2e1bba85ca9776) Importer(815301076,1909f56bfc062723c751e8b465ee728b)  -> (artifact id: '3d26e3a4766dbc2a4ba897227a9ff74b') in 0.003868 seconds 
  Import took 0.009510 seconds .

========================================================================
Received Prepare
Registering precompiled user dll's ...
Registered in 0.016127 seconds.
Begin MonoManager ReloadAssembly
Native extension for WindowsStandalone target not found
Refreshing native plugins compatible for Editor in 0.54 ms, found 3 plugins.
Preloading 0 native plugins for Editor in 0.00 ms.
Mono: successfully reloaded assembly
- Completed reload, in  1.230 seconds
Platform modules already initialized, skipping
Refreshing native plugins compatible for Editor in 0.67 ms, found 3 plugins.
Preloading 0 native plugins for Editor in 0.00 ms.
Unloading 2216 Unused Serialized files (Serialized files now loaded: 0)
System memory in use before: 96.6 MB.
System memory in use after: 96.8 MB.

Unloading 21 unused Assets to reduce memory usage. Loaded Objects now: 2671.
Total: 3.230400 ms (FindLiveObjects: 0.280100 ms CreateObjectMapping: 0.080800 ms MarkObjects: 2.847000 ms  DeleteObjects: 0.021100 ms)

AssetImportParameters requested are different than current active one (requested -> active):
  custom:framework-win-MediaFoundation: 216162199b28c13a410421893ffa2e32 -> 
  custom:video-decoder-ogg-theora: a1e56fd34408186e4bbccfd4996cb3dc -> 
  custom:container-muxer-webm: aa71ff27fc2769a1b78a27578f13a17b -> 
  custom:container-demuxer-webm: 4f35f7cbe854078d1ac9338744f61a02 -> 
  custom:container-demuxer-ogg: 62fdf1f143b41e24485cea50d1cbac27 -> 
  custom:video-encoder-webm-vp8: eb34c28f22e8b96e1ab97ce403110664 -> 
  custom:video-decoder-webm-vp8: 9c59270c3fd7afecdb556c50c9e8de78 -> 
  custom:audio-decoder-ogg-vorbis: bf7c407c2cedff20999df2af8eb42d56 -> 
  custom:audio-encoder-webm-vorbis: bf7c407c2cedff20999df2af8eb42d56 -> 
========================================================================
Received Prepare
Registering precompiled user dll's ...
Registered in 0.013014 seconds.
Begin MonoManager ReloadAssembly
Native extension for WindowsStandalone target not found
Refreshing native plugins compatible for Editor in 0.71 ms, found 3 plugins.
Preloading 0 native plugins for Editor in 0.00 ms.
Mono: successfully reloaded assembly
- Completed reload, in  1.234 seconds
Platform modules already initialized, skipping
Refreshing native plugins compatible for Editor in 0.50 ms, found 3 plugins.
Preloading 0 native plugins for Editor in 0.00 ms.
Unloading 2216 Unused Serialized files (Serialized files now loaded: 0)
System memory in use before: 96.7 MB.
System memory in use after: 96.8 MB.

Unloading 21 unused Assets to reduce memory usage. Loaded Objects now: 2675.
Total: 2.821700 ms (FindLiveObjects: 0.284200 ms CreateObjectMapping: 0.081900 ms MarkObjects: 2.433700 ms  DeleteObjects: 0.020700 ms)

AssetImportParameters requested are different than current active one (requested -> active):
  custom:framework-win-MediaFoundation: 216162199b28c13a410421893ffa2e32 -> 
  custom:video-decoder-ogg-theora: a1e56fd34408186e4bbccfd4996cb3dc -> 
  custom:container-muxer-webm: aa71ff27fc2769a1b78a27578f13a17b -> 
  custom:container-demuxer-webm: 4f35f7cbe854078d1ac9338744f61a02 -> 
  custom:container-demuxer-ogg: 62fdf1f143b41e24485cea50d1cbac27 -> 
  custom:video-encoder-webm-vp8: eb34c28f22e8b96e1ab97ce403110664 -> 
  custom:video-decoder-webm-vp8: 9c59270c3fd7afecdb556c50c9e8de78 -> 
  custom:audio-decoder-ogg-vorbis: bf7c407c2cedff20999df2af8eb42d56 -> 
  custom:audio-encoder-webm-vorbis: bf7c407c2cedff20999df2af8eb42d56 -> 
========================================================================
Received Import Request.
  Time since last request: 62.552842 seconds.
  path: Assets/Scenes/SampleScene.unity
  artifactKey: Guid(2cda990e2423bbf4892e6590ba056729) Importer(815301076,1909f56bfc062723c751e8b465ee728b)
Start importing Assets/Scenes/SampleScene.unity using Guid(2cda990e2423bbf4892e6590ba056729) Importer(815301076,1909f56bfc062723c751e8b465ee728b)  -> (artifact id: '2a44fe07263a1dccc912a543d8a469bd') in 0.014908 seconds 
  Import took 0.019425 seconds .

========================================================================
Received Prepare
Registering precompiled user dll's ...
Registered in 0.011580 seconds.
Begin MonoManager ReloadAssembly
Native extension for WindowsStandalone target not found
Refreshing native plugins compatible for Editor in 0.58 ms, found 3 plugins.
Preloading 0 native plugins for Editor in 0.00 ms.
Mono: successfully reloaded assembly
- Completed reload, in  1.217 seconds
Platform modules already initialized, skipping
Refreshing native plugins compatible for Editor in 0.58 ms, found 3 plugins.
Preloading 0 native plugins for Editor in 0.00 ms.
Unloading 2216 Unused Serialized files (Serialized files now loaded: 0)
System memory in use before: 96.6 MB.
System memory in use after: 96.7 MB.

Unloading 21 unused Assets to reduce memory usage. Loaded Objects now: 2679.
Total: 3.959700 ms (FindLiveObjects: 0.404700 ms CreateObjectMapping: 0.124500 ms MarkObjects: 3.382100 ms  DeleteObjects: 0.046500 ms)

AssetImportParameters requested are different than current active one (requested -> active):
  custom:framework-win-MediaFoundation: 216162199b28c13a410421893ffa2e32 -> 
  custom:video-decoder-ogg-theora: a1e56fd34408186e4bbccfd4996cb3dc -> 
  custom:container-muxer-webm: aa71ff27fc2769a1b78a27578f13a17b -> 
  custom:container-demuxer-webm: 4f35f7cbe854078d1ac9338744f61a02 -> 
  custom:container-demuxer-ogg: 62fdf1f143b41e24485cea50d1cbac27 -> 
  custom:video-encoder-webm-vp8: eb34c28f22e8b96e1ab97ce403110664 -> 
  custom:video-decoder-webm-vp8: 9c59270c3fd7afecdb556c50c9e8de78 -> 
  custom:audio-decoder-ogg-vorbis: bf7c407c2cedff20999df2af8eb42d56 -> 
  custom:audio-encoder-webm-vorbis: bf7c407c2cedff20999df2af8eb42d56 -> 
========================================================================
Received Prepare
Registering precompiled user dll's ...
Registered in 0.013702 seconds.
Begin MonoManager ReloadAssembly
Native extension for WindowsStandalone target not found
Refreshing native plugins compatible for Editor in 0.65 ms, found 3 plugins.
Preloading 0 native plugins for Editor in 0.00 ms.
Mono: successfully reloaded assembly
- Completed reload, in  1.218 seconds
Platform modules already initialized, skipping
Refreshing native plugins compatible for Editor in 1.06 ms, found 3 plugins.
Preloading 0 native plugins for Editor in 0.00 ms.
Unloading 2216 Unused Serialized files (Serialized files now loaded: 0)
System memory in use before: 96.6 MB.
System memory in use after: 96.7 MB.

Unloading 21 unused Assets to reduce memory usage. Loaded Objects now: 2683.
Total: 3.254100 ms (FindLiveObjects: 0.288700 ms CreateObjectMapping: 0.079300 ms MarkObjects: 2.862100 ms  DeleteObjects: 0.023000 ms)

AssetImportParameters requested are different than current active one (requested -> active):
  custom:framework-win-MediaFoundation: 216162199b28c13a410421893ffa2e32 -> 
  custom:video-decoder-ogg-theora: a1e56fd34408186e4bbccfd4996cb3dc -> 
  custom:container-muxer-webm: aa71ff27fc2769a1b78a27578f13a17b -> 
  custom:container-demuxer-webm: 4f35f7cbe854078d1ac9338744f61a02 -> 
  custom:container-demuxer-ogg: 62fdf1f143b41e24485cea50d1cbac27 -> 
  custom:video-encoder-webm-vp8: eb34c28f22e8b96e1ab97ce403110664 -> 
  custom:video-decoder-webm-vp8: 9c59270c3fd7afecdb556c50c9e8de78 -> 
  custom:audio-decoder-ogg-vorbis: bf7c407c2cedff20999df2af8eb42d56 -> 
  custom:audio-encoder-webm-vorbis: bf7c407c2cedff20999df2af8eb42d56 -> 
========================================================================
Received Prepare
Registering precompiled user dll's ...
Registered in 0.018189 seconds.
Begin MonoManager ReloadAssembly
Native extension for WindowsStandalone target not found
Refreshing native plugins compatible for Editor in 0.78 ms, found 3 plugins.
Preloading 0 native plugins for Editor in 0.00 ms.
Mono: successfully reloaded assembly
- Completed reload, in  2.282 seconds
Platform modules already initialized, skipping
Refreshing native plugins compatible for Editor in 0.89 ms, found 3 plugins.
Preloading 0 native plugins for Editor in 0.00 ms.
Unloading 2216 Unused Serialized files (Serialized files now loaded: 0)
System memory in use before: 96.6 MB.
System memory in use after: 96.7 MB.

Unloading 21 unused Assets to reduce memory usage. Loaded Objects now: 2687.
Total: 3.978800 ms (FindLiveObjects: 0.322700 ms CreateObjectMapping: 0.148000 ms MarkObjects: 3.448900 ms  DeleteObjects: 0.056400 ms)

AssetImportParameters requested are different than current active one (requested -> active):
  custom:framework-win-MediaFoundation: 216162199b28c13a410421893ffa2e32 -> 
  custom:video-decoder-ogg-theora: a1e56fd34408186e4bbccfd4996cb3dc -> 
  custom:container-muxer-webm: aa71ff27fc2769a1b78a27578f13a17b -> 
  custom:container-demuxer-webm: 4f35f7cbe854078d1ac9338744f61a02 -> 
  custom:container-demuxer-ogg: 62fdf1f143b41e24485cea50d1cbac27 -> 
  custom:video-encoder-webm-vp8: eb34c28f22e8b96e1ab97ce403110664 -> 
  custom:video-decoder-webm-vp8: 9c59270c3fd7afecdb556c50c9e8de78 -> 
  custom:audio-decoder-ogg-vorbis: bf7c407c2cedff20999df2af8eb42d56 -> 
  custom:audio-encoder-webm-vorbis: bf7c407c2cedff20999df2af8eb42d56 -> 
========================================================================
Received Prepare
Registering precompiled user dll's ...
Registered in 0.112825 seconds.
Begin MonoManager ReloadAssembly
Native extension for WindowsStandalone target not found
Refreshing native plugins compatible for Editor in 1.87 ms, found 3 plugins.
Preloading 0 native plugins for Editor in 0.00 ms.
Mono: successfully reloaded assembly
- Completed reload, in  7.016 seconds
Platform modules already initialized, skipping
Refreshing native plugins compatible for Editor in 1.43 ms, found 3 plugins.
Preloading 0 native plugins for Editor in 0.00 ms.
Unloading 2216 Unused Serialized files (Serialized files now loaded: 0)
System memory in use before: 96.6 MB.
System memory in use after: 96.7 MB.

Unloading 21 unused Assets to reduce memory usage. Loaded Objects now: 2691.
Total: 8.069800 ms (FindLiveObjects: 0.637900 ms CreateObjectMapping: 0.427600 ms MarkObjects: 6.921600 ms  DeleteObjects: 0.078700 ms)

AssetImportParameters requested are different than current active one (requested -> active):
  custom:framework-win-MediaFoundation: 216162199b28c13a410421893ffa2e32 -> 
  custom:video-decoder-ogg-theora: a1e56fd34408186e4bbccfd4996cb3dc -> 
  custom:container-muxer-webm: aa71ff27fc2769a1b78a27578f13a17b -> 
  custom:container-demuxer-webm: 4f35f7cbe854078d1ac9338744f61a02 -> 
  custom:container-demuxer-ogg: 62fdf1f143b41e24485cea50d1cbac27 -> 
  custom:video-encoder-webm-vp8: eb34c28f22e8b96e1ab97ce403110664 -> 
  custom:video-decoder-webm-vp8: 9c59270c3fd7afecdb556c50c9e8de78 -> 
  custom:audio-decoder-ogg-vorbis: bf7c407c2cedff20999df2af8eb42d56 -> 
  custom:audio-encoder-webm-vorbis: bf7c407c2cedff20999df2af8eb42d56 -> 
========================================================================
Received Prepare
Registering precompiled user dll's ...
Registered in 0.025446 seconds.
Begin MonoManager ReloadAssembly
Native extension for WindowsStandalone target not found
Refreshing native plugins compatible for Editor in 0.90 ms, found 3 plugins.
Preloading 0 native plugins for Editor in 0.00 ms.
Mono: successfully reloaded assembly
- Completed reload, in  2.532 seconds
Platform modules already initialized, skipping
Refreshing native plugins compatible for Editor in 1.02 ms, found 3 plugins.
Preloading 0 native plugins for Editor in 0.00 ms.
Unloading 2216 Unused Serialized files (Serialized files now loaded: 0)
System memory in use before: 96.6 MB.
System memory in use after: 96.7 MB.

Unloading 21 unused Assets to reduce memory usage. Loaded Objects now: 2695.
Total: 4.553300 ms (FindLiveObjects: 0.508200 ms CreateObjectMapping: 0.217000 ms MarkObjects: 3.787800 ms  DeleteObjects: 0.037500 ms)

AssetImportParameters requested are different than current active one (requested -> active):
  custom:framework-win-MediaFoundation: 216162199b28c13a410421893ffa2e32 -> 
  custom:video-decoder-ogg-theora: a1e56fd34408186e4bbccfd4996cb3dc -> 
  custom:container-muxer-webm: aa71ff27fc2769a1b78a27578f13a17b -> 
  custom:container-demuxer-webm: 4f35f7cbe854078d1ac9338744f61a02 -> 
  custom:container-demuxer-ogg: 62fdf1f143b41e24485cea50d1cbac27 -> 
  custom:video-encoder-webm-vp8: eb34c28f22e8b96e1ab97ce403110664 -> 
  custom:video-decoder-webm-vp8: 9c59270c3fd7afecdb556c50c9e8de78 -> 
  custom:audio-decoder-ogg-vorbis: bf7c407c2cedff20999df2af8eb42d56 -> 
  custom:audio-encoder-webm-vorbis: bf7c407c2cedff20999df2af8eb42d56 -> 
========================================================================
Received Prepare
Registering precompiled user dll's ...
Registered in 0.041293 seconds.
Begin MonoManager ReloadAssembly
Native extension for WindowsStandalone target not found
Refreshing native plugins compatible for Editor in 0.94 ms, found 3 plugins.
Preloading 0 native plugins for Editor in 0.00 ms.
Mono: successfully reloaded assembly
- Completed reload, in  2.849 seconds
Platform modules already initialized, skipping
Refreshing native plugins compatible for Editor in 0.85 ms, found 3 plugins.
Preloading 0 native plugins for Editor in 0.00 ms.
Unloading 2216 Unused Serialized files (Serialized files now loaded: 0)
System memory in use before: 96.6 MB.
System memory in use after: 96.8 MB.

Unloading 21 unused Assets to reduce memory usage. Loaded Objects now: 2699.
Total: 4.437000 ms (FindLiveObjects: 0.353700 ms CreateObjectMapping: 0.129100 ms MarkObjects: 3.919400 ms  DeleteObjects: 0.033000 ms)

AssetImportParameters requested are different than current active one (requested -> active):
  custom:framework-win-MediaFoundation: 216162199b28c13a410421893ffa2e32 -> 
  custom:video-decoder-ogg-theora: a1e56fd34408186e4bbccfd4996cb3dc -> 
  custom:container-muxer-webm: aa71ff27fc2769a1b78a27578f13a17b -> 
  custom:container-demuxer-webm: 4f35f7cbe854078d1ac9338744f61a02 -> 
  custom:container-demuxer-ogg: 62fdf1f143b41e24485cea50d1cbac27 -> 
  custom:video-encoder-webm-vp8: eb34c28f22e8b96e1ab97ce403110664 -> 
  custom:video-decoder-webm-vp8: 9c59270c3fd7afecdb556c50c9e8de78 -> 
  custom:audio-decoder-ogg-vorbis: bf7c407c2cedff20999df2af8eb42d56 -> 
  custom:audio-encoder-webm-vorbis: bf7c407c2cedff20999df2af8eb42d56 -> 
========================================================================
Received Prepare
Registering precompiled user dll's ...
Registered in 0.045637 seconds.
Begin MonoManager ReloadAssembly
Native extension for WindowsStandalone target not found
Refreshing native plugins compatible for Editor in 1.07 ms, found 3 plugins.
Preloading 0 native plugins for Editor in 0.00 ms.
Mono: successfully reloaded assembly
- Completed reload, in  3.328 seconds
Platform modules already initialized, skipping
Refreshing native plugins compatible for Editor in 0.92 ms, found 3 plugins.
Preloading 0 native plugins for Editor in 0.00 ms.
Unloading 2216 Unused Serialized files (Serialized files now loaded: 0)
System memory in use before: 96.7 MB.
System memory in use after: 96.9 MB.

Unloading 21 unused Assets to reduce memory usage. Loaded Objects now: 2703.
Total: 4.520300 ms (FindLiveObjects: 0.363200 ms CreateObjectMapping: 0.157900 ms MarkObjects: 3.956400 ms  DeleteObjects: 0.040400 ms)

AssetImportParameters requested are different than current active one (requested -> active):
  custom:framework-win-MediaFoundation: 216162199b28c13a410421893ffa2e32 -> 
  custom:video-decoder-ogg-theora: a1e56fd34408186e4bbccfd4996cb3dc -> 
  custom:container-muxer-webm: aa71ff27fc2769a1b78a27578f13a17b -> 
  custom:container-demuxer-webm: 4f35f7cbe854078d1ac9338744f61a02 -> 
  custom:container-demuxer-ogg: 62fdf1f143b41e24485cea50d1cbac27 -> 
  custom:video-encoder-webm-vp8: eb34c28f22e8b96e1ab97ce403110664 -> 
  custom:video-decoder-webm-vp8: 9c59270c3fd7afecdb556c50c9e8de78 -> 
  custom:audio-decoder-ogg-vorbis: bf7c407c2cedff20999df2af8eb42d56 -> 
  custom:audio-encoder-webm-vorbis: bf7c407c2cedff20999df2af8eb42d56 -> 
========================================================================
Received Prepare
Registering precompiled user dll's ...
Registered in 0.028298 seconds.
Begin MonoManager ReloadAssembly
Native extension for WindowsStandalone target not found
Refreshing native plugins compatible for Editor in 0.65 ms, found 3 plugins.
Preloading 0 native plugins for Editor in 0.00 ms.
Mono: successfully reloaded assembly
- Completed reload, in  2.237 seconds
Platform modules already initialized, skipping
Refreshing native plugins compatible for Editor in 1.61 ms, found 3 plugins.
Preloading 0 native plugins for Editor in 0.00 ms.
Unloading 2231 Unused Serialized files (Serialized files now loaded: 0)
System memory in use before: 97.2 MB.
System memory in use after: 97.4 MB.

Unloading 21 unused Assets to reduce memory usage. Loaded Objects now: 2722.
Total: 3.955400 ms (FindLiveObjects: 0.346100 ms CreateObjectMapping: 0.166400 ms MarkObjects: 3.399700 ms  DeleteObjects: 0.041100 ms)

AssetImportParameters requested are different than current active one (requested -> active):
  custom:framework-win-MediaFoundation: 216162199b28c13a410421893ffa2e32 -> 
  custom:video-decoder-ogg-theora: a1e56fd34408186e4bbccfd4996cb3dc -> 
  custom:container-muxer-webm: aa71ff27fc2769a1b78a27578f13a17b -> 
  custom:container-demuxer-webm: 4f35f7cbe854078d1ac9338744f61a02 -> 
  custom:container-demuxer-ogg: 62fdf1f143b41e24485cea50d1cbac27 -> 
  custom:video-encoder-webm-vp8: eb34c28f22e8b96e1ab97ce403110664 -> 
  custom:video-decoder-webm-vp8: 9c59270c3fd7afecdb556c50c9e8de78 -> 
  custom:audio-decoder-ogg-vorbis: bf7c407c2cedff20999df2af8eb42d56 -> 
  custom:audio-encoder-webm-vorbis: bf7c407c2cedff20999df2af8eb42d56 -> 
========================================================================
Received Import Request.
  Time since last request: 999.829384 seconds.
  path: Assets/Prefabs/Choice.prefab
  artifactKey: Guid(116b91c51a1669a4086bd996fbe13624) Importer(815301076,1909f56bfc062723c751e8b465ee728b)
Start importing Assets/Prefabs/Choice.prefab using Guid(116b91c51a1669a4086bd996fbe13624) Importer(815301076,1909f56bfc062723c751e8b465ee728b)  -> (artifact id: '50a415c40aa5af6d12e4d4f282bbea04') in 0.065771 seconds 
  Import took 0.071255 seconds .

========================================================================
Received Import Request.
  Time since last request: 0.000432 seconds.
  path: Assets/Prefabs/Content.prefab
  artifactKey: Guid(c88d0b97e6b497b41a16949db1c1ca33) Importer(815301076,1909f56bfc062723c751e8b465ee728b)
Start importing Assets/Prefabs/Content.prefab using Guid(c88d0b97e6b497b41a16949db1c1ca33) Importer(815301076,1909f56bfc062723c751e8b465ee728b)  -> (artifact id: '71df4d32ad42af4151c374cbef7d1a80') in 0.005884 seconds 
  Import took 0.010701 seconds .

========================================================================
Received Import Request.
  Time since last request: 2.310423 seconds.
  path: Assets/Controller/Images/Base.png
  artifactKey: Guid(da17663a0b13ac44d91b37c1106d2516) Importer(815301076,1909f56bfc062723c751e8b465ee728b)
Start importing Assets/Controller/Images/Base.png using Guid(da17663a0b13ac44d91b37c1106d2516) Importer(815301076,1909f56bfc062723c751e8b465ee728b)  -> (artifact id: '145a0e9e605eeb0b1dfd7912cf6ce3d5') in 0.074995 seconds 
  Import took 0.079677 seconds .

========================================================================
Received Import Request.
  Time since last request: 0.000420 seconds.
  path: Assets/Controller/Images/Strike_R.png
  artifactKey: Guid(cd70a090a79834d4b83a632f105020c6) Importer(815301076,1909f56bfc062723c751e8b465ee728b)
Start importing Assets/Controller/Images/Strike_R.png using Guid(cd70a090a79834d4b83a632f105020c6) Importer(815301076,1909f56bfc062723c751e8b465ee728b)  -> (artifact id: 'd22078eb1d8ef457d980e6492360b7d6') in 0.030330 seconds 
  Import took 0.034392 seconds .

========================================================================
Received Import Request.
  Time since last request: 0.000330 seconds.
  path: Assets/Controller/Images/Defend_R.png
  artifactKey: Guid(15d77b25b73bbb341a842eed1a042682) Importer(815301076,1909f56bfc062723c751e8b465ee728b)
Start importing Assets/Controller/Images/Defend_R.png using Guid(15d77b25b73bbb341a842eed1a042682) Importer(815301076,1909f56bfc062723c751e8b465ee728b)  -> (artifact id: 'c01f022594d780a6bae46dcec311eb1c') in 0.025302 seconds 
  Import took 0.031824 seconds .

========================================================================
Received Import Request.
  Time since last request: 1.834517 seconds.
  path: Assets/Controller/Prefabs/Base.prefab
  artifactKey: Guid(329534ad9ea710046935e5c448148929) Importer(815301076,1909f56bfc062723c751e8b465ee728b)
Start importing Assets/Controller/Prefabs/Base.prefab using Guid(329534ad9ea710046935e5c448148929) Importer(815301076,1909f56bfc062723c751e8b465ee728b)  -> (artifact id: '08e2a8e5effb8a26c19beefb056f6310') in 0.065850 seconds 
  Import took 0.069951 seconds .

========================================================================
Received Import Request.
  Time since last request: 0.000387 seconds.
  path: Assets/Controller/Prefabs/Defense.prefab
  artifactKey: Guid(86f72f988c3727f41b39555c7222063d) Importer(815301076,1909f56bfc062723c751e8b465ee728b)
Start importing Assets/Controller/Prefabs/Defense.prefab using Guid(86f72f988c3727f41b39555c7222063d) Importer(815301076,1909f56bfc062723c751e8b465ee728b)  -> (artifact id: '6b65a4f921638fbb1b89511f15656ae3') in 0.017290 seconds 
  Import took 0.021681 seconds .

========================================================================
Received Import Request.
  Time since last request: 0.000411 seconds.
  path: Assets/Controller/Prefabs/Strike.prefab
  artifactKey: Guid(70ab340c7d7325d4ba65932c4ca7626c) Importer(815301076,1909f56bfc062723c751e8b465ee728b)
Start importing Assets/Controller/Prefabs/Strike.prefab using Guid(70ab340c7d7325d4ba65932c4ca7626c) Importer(815301076,1909f56bfc062723c751e8b465ee728b)  -> (artifact id: '7a4946be11bbaae2456fa5eab6cf2c83') in 0.012639 seconds 
  Import took 0.017589 seconds .

========================================================================
Received Import Request.
  Time since last request: 41.962926 seconds.
  path: Assets/Scripts/Ink2Unity/Content.cs
  artifactKey: Guid(cd1094db09653c84a987d368a3675a2f) Importer(815301076,1909f56bfc062723c751e8b465ee728b)
Start importing Assets/Scripts/Ink2Unity/Content.cs using Guid(cd1094db09653c84a987d368a3675a2f) Importer(815301076,1909f56bfc062723c751e8b465ee728b)  -> (artifact id: '124180b9b098d3a6f89fb0e1ac9aac84') in 0.004148 seconds 
  Import took 0.008423 seconds .

========================================================================
Received Import Request.
  Time since last request: 0.004855 seconds.
  path: Assets/Scripts/Ink2Unity/Content.cs
  artifactKey: Guid(cd1094db09653c84a987d368a3675a2f) Importer(815301076,1909f56bfc062723c751e8b465ee728b)
Start importing Assets/Scripts/Ink2Unity/Content.cs using Guid(cd1094db09653c84a987d368a3675a2f) Importer(815301076,1909f56bfc062723c751e8b465ee728b)  -> (artifact id: '124180b9b098d3a6f89fb0e1ac9aac84') in 0.003263 seconds 
  Import took 0.007631 seconds .

========================================================================
Received Prepare
Registering precompiled user dll's ...
Registered in 0.012440 seconds.
Begin MonoManager ReloadAssembly
Native extension for WindowsStandalone target not found
Refreshing native plugins compatible for Editor in 0.57 ms, found 3 plugins.
Preloading 0 native plugins for Editor in 0.00 ms.
Mono: successfully reloaded assembly
- Completed reload, in  1.280 seconds
Platform modules already initialized, skipping
Refreshing native plugins compatible for Editor in 0.61 ms, found 3 plugins.
Preloading 0 native plugins for Editor in 0.00 ms.
Unloading 2231 Unused Serialized files (Serialized files now loaded: 0)
System memory in use before: 100.5 MB.
System memory in use after: 100.7 MB.

Unloading 22 unused Assets to reduce memory usage. Loaded Objects now: 2740.
Total: 3.040400 ms (FindLiveObjects: 0.401000 ms CreateObjectMapping: 0.112900 ms MarkObjects: 2.470300 ms  DeleteObjects: 0.055100 ms)

AssetImportParameters requested are different than current active one (requested -> active):
  custom:framework-win-MediaFoundation: 216162199b28c13a410421893ffa2e32 -> 
  custom:video-decoder-ogg-theora: a1e56fd34408186e4bbccfd4996cb3dc -> 
  custom:container-muxer-webm: aa71ff27fc2769a1b78a27578f13a17b -> 
  custom:container-demuxer-webm: 4f35f7cbe854078d1ac9338744f61a02 -> 
  custom:container-demuxer-ogg: 62fdf1f143b41e24485cea50d1cbac27 -> 
  custom:video-encoder-webm-vp8: eb34c28f22e8b96e1ab97ce403110664 -> 
  custom:video-decoder-webm-vp8: 9c59270c3fd7afecdb556c50c9e8de78 -> 
  custom:audio-decoder-ogg-vorbis: bf7c407c2cedff20999df2af8eb42d56 -> 
  custom:audio-encoder-webm-vorbis: bf7c407c2cedff20999df2af8eb42d56 -> 
========================================================================
Received Import Request.
  Time since last request: 381.372998 seconds.
  path: Assets/Scripts/Ink2Unity/Choice.cs
  artifactKey: Guid(d4dcf96b1efe3a94283757b05d613df2) Importer(815301076,1909f56bfc062723c751e8b465ee728b)
Start importing Assets/Scripts/Ink2Unity/Choice.cs using Guid(d4dcf96b1efe3a94283757b05d613df2) Importer(815301076,1909f56bfc062723c751e8b465ee728b)  -> (artifact id: '095f2d7a21c9dcee34389d339f690ad8') in 0.006490 seconds 
  Import took 0.010749 seconds .

========================================================================
Received Import Request.
  Time since last request: 1.702435 seconds.
  path: Assets/Scripts/Ink2Unity/Ink2Unity.cs
  artifactKey: Guid(3caa75a0c79fa0c45affb3665aa64dcb) Importer(815301076,1909f56bfc062723c751e8b465ee728b)
Start importing Assets/Scripts/Ink2Unity/Ink2Unity.cs using Guid(3caa75a0c79fa0c45affb3665aa64dcb) Importer(815301076,1909f56bfc062723c751e8b465ee728b)  -> (artifact id: '3d6ebcf7432e594c57b58f3487877212') in 0.003413 seconds 
  Import took 0.008019 seconds .

========================================================================
Received Import Request.
  Time since last request: 0.002787 seconds.
  path: Assets/Scripts/Ink2Unity/Ink2Unity.cs
  artifactKey: Guid(3caa75a0c79fa0c45affb3665aa64dcb) Importer(815301076,1909f56bfc062723c751e8b465ee728b)
Start importing Assets/Scripts/Ink2Unity/Ink2Unity.cs using Guid(3caa75a0c79fa0c45affb3665aa64dcb) Importer(815301076,1909f56bfc062723c751e8b465ee728b)  -> (artifact id: '3d6ebcf7432e594c57b58f3487877212') in 0.003950 seconds 
  Import took 0.009224 seconds .

========================================================================
Received Prepare
Registering precompiled user dll's ...
Registered in 0.014040 seconds.
Begin MonoManager ReloadAssembly
Native extension for WindowsStandalone target not found
Refreshing native plugins compatible for Editor in 0.74 ms, found 3 plugins.
Preloading 0 native plugins for Editor in 0.00 ms.
Mono: successfully reloaded assembly
- Completed reload, in  1.228 seconds
Platform modules already initialized, skipping
Refreshing native plugins compatible for Editor in 0.56 ms, found 3 plugins.
Preloading 0 native plugins for Editor in 0.00 ms.
Unloading 2231 Unused Serialized files (Serialized files now loaded: 0)
System memory in use before: 100.5 MB.
System memory in use after: 100.7 MB.

Unloading 21 unused Assets to reduce memory usage. Loaded Objects now: 2744.
Total: 3.156600 ms (FindLiveObjects: 0.270200 ms CreateObjectMapping: 0.136400 ms MarkObjects: 2.708900 ms  DeleteObjects: 0.039800 ms)

AssetImportParameters requested are different than current active one (requested -> active):
  custom:framework-win-MediaFoundation: 216162199b28c13a410421893ffa2e32 -> 
  custom:video-decoder-ogg-theora: a1e56fd34408186e4bbccfd4996cb3dc -> 
  custom:container-muxer-webm: aa71ff27fc2769a1b78a27578f13a17b -> 
  custom:container-demuxer-webm: 4f35f7cbe854078d1ac9338744f61a02 -> 
  custom:container-demuxer-ogg: 62fdf1f143b41e24485cea50d1cbac27 -> 
  custom:video-encoder-webm-vp8: eb34c28f22e8b96e1ab97ce403110664 -> 
  custom:video-decoder-webm-vp8: 9c59270c3fd7afecdb556c50c9e8de78 -> 
  custom:audio-decoder-ogg-vorbis: bf7c407c2cedff20999df2af8eb42d56 -> 
  custom:audio-encoder-webm-vorbis: bf7c407c2cedff20999df2af8eb42d56 -> 
========================================================================
Received Import Request.
  Time since last request: 681.755356 seconds.
  path: Assets/Scripts/Ink2Unity/Ink2Unity.cs
  artifactKey: Guid(3caa75a0c79fa0c45affb3665aa64dcb) Importer(815301076,1909f56bfc062723c751e8b465ee728b)
Start importing Assets/Scripts/Ink2Unity/Ink2Unity.cs using Guid(3caa75a0c79fa0c45affb3665aa64dcb) Importer(815301076,1909f56bfc062723c751e8b465ee728b)  -> (artifact id: '66ea72fc48bf8b7a233b6fb6dcf493a3') in 0.006586 seconds 
  Import took 0.011798 seconds .

========================================================================
Received Import Request.
  Time since last request: 0.665794 seconds.
  path: Assets/Texture/boy.png
  artifactKey: Guid(a6b72b15d46d7244691cbf2db6bc0d73) Importer(815301076,1909f56bfc062723c751e8b465ee728b)
Start importing Assets/Texture/boy.png using Guid(a6b72b15d46d7244691cbf2db6bc0d73) Importer(815301076,1909f56bfc062723c751e8b465ee728b)  -> (artifact id: '44c317f79fe14dfdb8dfe9cea2aa851f') in 0.057633 seconds 
  Import took 0.062303 seconds .

========================================================================
Received Import Request.
  Time since last request: 0.000386 seconds.
  path: Assets/Texture/girl.png
  artifactKey: Guid(56121385d5d4de84397355004e368216) Importer(815301076,1909f56bfc062723c751e8b465ee728b)
Start importing Assets/Texture/girl.png using Guid(56121385d5d4de84397355004e368216) Importer(815301076,1909f56bfc062723c751e8b465ee728b)  -> (artifact id: '6d1b466d16e77ede8eadf256b7bf6587') in 0.017412 seconds 
  Import took 0.021795 seconds .

========================================================================
Received Import Request.
  Time since last request: 81.133462 seconds.
  path: Assets/Scripts/Ink2Unity/FunctionTest.cs
  artifactKey: Guid(973529a7784c4fa44a6a3837b38124d2) Importer(815301076,1909f56bfc062723c751e8b465ee728b)
Start importing Assets/Scripts/Ink2Unity/FunctionTest.cs using Guid(973529a7784c4fa44a6a3837b38124d2) Importer(815301076,1909f56bfc062723c751e8b465ee728b)  -> (artifact id: '1c85c1abd7ecf69eb1883d62cc845181') in 0.003719 seconds 
  Import took 0.009220 seconds .

========================================================================
Received Import Request.
  Time since last request: 0.001735 seconds.
  path: Assets/Scripts/Ink2Unity/FunctionTest.cs
  artifactKey: Guid(973529a7784c4fa44a6a3837b38124d2) Importer(815301076,1909f56bfc062723c751e8b465ee728b)
Start importing Assets/Scripts/Ink2Unity/FunctionTest.cs using Guid(973529a7784c4fa44a6a3837b38124d2) Importer(815301076,1909f56bfc062723c751e8b465ee728b)  -> (artifact id: '1c85c1abd7ecf69eb1883d62cc845181') in 0.004829 seconds 
  Import took 0.009395 seconds .

========================================================================
Received Import Request.
  Time since last request: 65.006839 seconds.
  path: Assets/Scripts/Ink2Unity/TagHandle.cs
  artifactKey: Guid(c6e7d27a1eef6f846bc172bf0e2d5077) Importer(815301076,1909f56bfc062723c751e8b465ee728b)
Start importing Assets/Scripts/Ink2Unity/TagHandle.cs using Guid(c6e7d27a1eef6f846bc172bf0e2d5077) Importer(815301076,1909f56bfc062723c751e8b465ee728b)  -> (artifact id: 'eed117e7f2e04723d6e6c60be32e5f1e') in 0.002998 seconds 
  Import took 0.007203 seconds .

========================================================================
Received Import Request.
  Time since last request: 21.774972 seconds.
  path: Assets/Ink
  artifactKey: Guid(1bf17f10e03c1924dbfdd18d35932e2a) Importer(815301076,1909f56bfc062723c751e8b465ee728b)
Start importing Assets/Ink using Guid(1bf17f10e03c1924dbfdd18d35932e2a) Importer(815301076,1909f56bfc062723c751e8b465ee728b)  -> (artifact id: 'cf10bf2b3fb867c8f2c5e11230589c92') in 0.012430 seconds 
  Import took 0.017136 seconds .

========================================================================
Received Import Request.
  Time since last request: 1.576892 seconds.
  path: Assets/InkStory
  artifactKey: Guid(47024470b6d2dd84ebd20f40e795e5e7) Importer(815301076,1909f56bfc062723c751e8b465ee728b)
Start importing Assets/InkStory using Guid(47024470b6d2dd84ebd20f40e795e5e7) Importer(815301076,1909f56bfc062723c751e8b465ee728b)  -> (artifact id: 'da1b148c6d2d458c3483768020fa5fc3') in 0.006066 seconds 
  Import took 0.011321 seconds .

========================================================================
Received Prepare
Registering precompiled user dll's ...
Registered in 0.011324 seconds.
Begin MonoManager ReloadAssembly
Native extension for WindowsStandalone target not found
Refreshing native plugins compatible for Editor in 0.58 ms, found 3 plugins.
Preloading 0 native plugins for Editor in 0.00 ms.
Mono: successfully reloaded assembly
- Completed reload, in  1.267 seconds
Platform modules already initialized, skipping
Refreshing native plugins compatible for Editor in 0.59 ms, found 3 plugins.
Preloading 0 native plugins for Editor in 0.00 ms.
Unloading 2231 Unused Serialized files (Serialized files now loaded: 0)
System memory in use before: 100.4 MB.
System memory in use after: 100.6 MB.

Unloading 21 unused Assets to reduce memory usage. Loaded Objects now: 2753.
Total: 2.991300 ms (FindLiveObjects: 0.274900 ms CreateObjectMapping: 0.098500 ms MarkObjects: 2.597400 ms  DeleteObjects: 0.019300 ms)

AssetImportParameters requested are different than current active one (requested -> active):
  custom:framework-win-MediaFoundation: 216162199b28c13a410421893ffa2e32 -> 
  custom:video-decoder-ogg-theora: a1e56fd34408186e4bbccfd4996cb3dc -> 
  custom:container-muxer-webm: aa71ff27fc2769a1b78a27578f13a17b -> 
  custom:container-demuxer-webm: 4f35f7cbe854078d1ac9338744f61a02 -> 
  custom:container-demuxer-ogg: 62fdf1f143b41e24485cea50d1cbac27 -> 
  custom:video-encoder-webm-vp8: eb34c28f22e8b96e1ab97ce403110664 -> 
  custom:video-decoder-webm-vp8: 9c59270c3fd7afecdb556c50c9e8de78 -> 
  custom:audio-decoder-ogg-vorbis: bf7c407c2cedff20999df2af8eb42d56 -> 
  custom:audio-encoder-webm-vorbis: bf7c407c2cedff20999df2af8eb42d56 -> 
========================================================================
Received Import Request.
  Time since last request: 219.265323 seconds.
  path: Assets/Controller/Scenes/ControllerSampleScene.unity
  artifactKey: Guid(199116b581109e84b9b29d4b5af03a8f) Importer(815301076,1909f56bfc062723c751e8b465ee728b)
Start importing Assets/Controller/Scenes/ControllerSampleScene.unity using Guid(199116b581109e84b9b29d4b5af03a8f) Importer(815301076,1909f56bfc062723c751e8b465ee728b)  -> (artifact id: '3381d688449ff8e48e2ad8db804278af') in 0.030009 seconds 
  Import took 0.038464 seconds .

========================================================================
Received Prepare
Registering precompiled user dll's ...
Registered in 0.011887 seconds.
Begin MonoManager ReloadAssembly
Native extension for WindowsStandalone target not found
Refreshing native plugins compatible for Editor in 0.51 ms, found 3 plugins.
Preloading 0 native plugins for Editor in 0.00 ms.
Mono: successfully reloaded assembly
- Completed reload, in  1.318 seconds
Platform modules already initialized, skipping
Refreshing native plugins compatible for Editor in 0.60 ms, found 3 plugins.
Preloading 0 native plugins for Editor in 0.00 ms.
Unloading 2231 Unused Serialized files (Serialized files now loaded: 0)
System memory in use before: 100.5 MB.
System memory in use after: 100.7 MB.

Unloading 21 unused Assets to reduce memory usage. Loaded Objects now: 2757.
Total: 2.832700 ms (FindLiveObjects: 0.339800 ms CreateObjectMapping: 0.115900 ms MarkObjects: 2.351000 ms  DeleteObjects: 0.024300 ms)

AssetImportParameters requested are different than current active one (requested -> active):
  custom:framework-win-MediaFoundation: 216162199b28c13a410421893ffa2e32 -> 
  custom:video-decoder-ogg-theora: a1e56fd34408186e4bbccfd4996cb3dc -> 
  custom:container-muxer-webm: aa71ff27fc2769a1b78a27578f13a17b -> 
  custom:container-demuxer-webm: 4f35f7cbe854078d1ac9338744f61a02 -> 
  custom:container-demuxer-ogg: 62fdf1f143b41e24485cea50d1cbac27 -> 
  custom:video-encoder-webm-vp8: eb34c28f22e8b96e1ab97ce403110664 -> 
  custom:video-decoder-webm-vp8: 9c59270c3fd7afecdb556c50c9e8de78 -> 
  custom:audio-decoder-ogg-vorbis: bf7c407c2cedff20999df2af8eb42d56 -> 
  custom:audio-encoder-webm-vorbis: bf7c407c2cedff20999df2af8eb42d56 -> 
========================================================================
Received Prepare
Registering precompiled user dll's ...
Registered in 0.010935 seconds.
Begin MonoManager ReloadAssembly
Native extension for WindowsStandalone target not found
Refreshing native plugins compatible for Editor in 0.57 ms, found 3 plugins.
Preloading 0 native plugins for Editor in 0.00 ms.
Mono: successfully reloaded assembly
- Completed reload, in  1.451 seconds
Platform modules already initialized, skipping
Refreshing native plugins compatible for Editor in 0.71 ms, found 3 plugins.
Preloading 0 native plugins for Editor in 0.00 ms.
Unloading 2231 Unused Serialized files (Serialized files now loaded: 0)
System memory in use before: 100.5 MB.
System memory in use after: 100.8 MB.

Unloading 21 unused Assets to reduce memory usage. Loaded Objects now: 2761.
Total: 3.671500 ms (FindLiveObjects: 0.335300 ms CreateObjectMapping: 0.148100 ms MarkObjects: 3.107800 ms  DeleteObjects: 0.078400 ms)

AssetImportParameters requested are different than current active one (requested -> active):
  custom:framework-win-MediaFoundation: 216162199b28c13a410421893ffa2e32 -> 
  custom:video-decoder-ogg-theora: a1e56fd34408186e4bbccfd4996cb3dc -> 
  custom:container-muxer-webm: aa71ff27fc2769a1b78a27578f13a17b -> 
  custom:container-demuxer-webm: 4f35f7cbe854078d1ac9338744f61a02 -> 
  custom:container-demuxer-ogg: 62fdf1f143b41e24485cea50d1cbac27 -> 
  custom:video-encoder-webm-vp8: eb34c28f22e8b96e1ab97ce403110664 -> 
  custom:video-decoder-webm-vp8: 9c59270c3fd7afecdb556c50c9e8de78 -> 
  custom:audio-decoder-ogg-vorbis: bf7c407c2cedff20999df2af8eb42d56 -> 
  custom:audio-encoder-webm-vorbis: bf7c407c2cedff20999df2af8eb42d56 -> 
========================================================================
Received Prepare
Registering precompiled user dll's ...
Registered in 0.018575 seconds.
Begin MonoManager ReloadAssembly
Native extension for WindowsStandalone target not found
Refreshing native plugins compatible for Editor in 0.92 ms, found 3 plugins.
Preloading 0 native plugins for Editor in 0.00 ms.
Mono: successfully reloaded assembly
- Completed reload, in  2.545 seconds
Platform modules already initialized, skipping
Refreshing native plugins compatible for Editor in 1.57 ms, found 3 plugins.
Preloading 0 native plugins for Editor in 0.00 ms.
Unloading 2231 Unused Serialized files (Serialized files now loaded: 0)
System memory in use before: 100.5 MB.
System memory in use after: 100.8 MB.

Unloading 21 unused Assets to reduce memory usage. Loaded Objects now: 2765.
Total: 6.648900 ms (FindLiveObjects: 0.502900 ms CreateObjectMapping: 0.246100 ms MarkObjects: 5.825800 ms  DeleteObjects: 0.070900 ms)

AssetImportParameters requested are different than current active one (requested -> active):
  custom:framework-win-MediaFoundation: 216162199b28c13a410421893ffa2e32 -> 
  custom:video-decoder-ogg-theora: a1e56fd34408186e4bbccfd4996cb3dc -> 
  custom:container-muxer-webm: aa71ff27fc2769a1b78a27578f13a17b -> 
  custom:container-demuxer-webm: 4f35f7cbe854078d1ac9338744f61a02 -> 
  custom:container-demuxer-ogg: 62fdf1f143b41e24485cea50d1cbac27 -> 
  custom:video-encoder-webm-vp8: eb34c28f22e8b96e1ab97ce403110664 -> 
  custom:video-decoder-webm-vp8: 9c59270c3fd7afecdb556c50c9e8de78 -> 
  custom:audio-decoder-ogg-vorbis: bf7c407c2cedff20999df2af8eb42d56 -> 
  custom:audio-encoder-webm-vorbis: bf7c407c2cedff20999df2af8eb42d56 -> 
AssetImportWorkerClient::OnTransportError - code=2 error=End of file
