Using pre-set license
Built from '2020.3/staging' branch; Version is '2020.3.21f1 (a38c86f6690f) revision 10718342'; Using compiler version '192528614'; Build Type 'Release'
OS: 'Windows 10 Home China; OS build 19043.1348; Version 2009; 64bit' Language: 'zh' Physical Memory: 32569 MB
BatchMode: 1, IsHumanControllingUs: 0, StartBugReporterOnCrash: 0, Is64bit: 1, IsPro: 0

COMMAND LINE ARGUMENTS:
D:\Unity Editor\2020.3.21f1\Editor\Unity.exe
-adb2
-batchMode
-noUpm
-name
AssetImportWorker1
-projectPath
D:/MyDocuments/Documents/GitHub/Jaspers
-logFile
Logs/AssetImportWorker1.log
-srvPort
4260
Successfully changed project path to: D:/MyDocuments/Documents/GitHub/Jaspers
D:/MyDocuments/Documents/GitHub/Jaspers
Using Asset Import Pipeline V2.
Refreshing native plugins compatible for Editor in 40.07 ms, found 3 plugins.
Preloading 0 native plugins for Editor in 0.00 ms.
Initialize engine version: 2020.3.21f1 (a38c86f6690f)
[Subsystems] Discovering subsystems at path D:/Unity Editor/2020.3.21f1/Editor/Data/Resources/UnitySubsystems
[Subsystems] Discovering subsystems at path D:/MyDocuments/Documents/GitHub/Jaspers/Assets
GfxDevice: creating device client; threaded=0
Direct3D:
    Version:  Direct3D 11.0 [level 11.1]
    Renderer: NVIDIA GeForce RTX 2060 (ID=0x1f55)
    Vendor:   
    VRAM:     5980 MB
    Driver:   27.21.14.5720
Initialize mono
Mono path[0] = 'D:/Unity Editor/2020.3.21f1/Editor/Data/Managed'
Mono path[1] = 'D:/Unity Editor/2020.3.21f1/Editor/Data/MonoBleedingEdge/lib/mono/unityjit'
Mono config path = 'D:/Unity Editor/2020.3.21f1/Editor/Data/MonoBleedingEdge/etc'
Using monoOptions --debugger-agent=transport=dt_socket,embedding=1,server=y,suspend=n,address=127.0.0.1:56648
Begin MonoManager ReloadAssembly
Registering precompiled unity dll's ...
Register platform support module: D:/Unity Editor/2020.3.21f1/Editor/Data/PlaybackEngines/WindowsStandaloneSupport/UnityEditor.WindowsStandalone.Extensions.dll
Registered in 0.001078 seconds.
Native extension for WindowsStandalone target not found
Refreshing native plugins compatible for Editor in 35.28 ms, found 3 plugins.
Preloading 0 native plugins for Editor in 0.00 ms.
Mono: successfully reloaded assembly
- Completed reload, in  0.854 seconds
Domain Reload Profiling:
	ReloadAssembly (854ms)
		BeginReloadAssembly (40ms)
			ExecutionOrderSort (0ms)
			DisableScriptedObjects (0ms)
			BackupInstance (0ms)
			ReleaseScriptingObjects (0ms)
			CreateAndSetChildDomain (1ms)
		EndReloadAssembly (365ms)
			LoadAssemblies (38ms)
			RebuildTransferFunctionScriptingTraits (0ms)
			SetupTypeCache (119ms)
			ReleaseScriptCaches (0ms)
			RebuildScriptCaches (27ms)
			SetupLoadedEditorAssemblies (143ms)
				LogAssemblyErrors (0ms)
				InitializePlatformSupportModulesInManaged (3ms)
				SetLoadedEditorAssemblies (0ms)
				RefreshPlugins (35ms)
				BeforeProcessingInitializeOnLoad (12ms)
				ProcessInitializeOnLoadAttributes (68ms)
				ProcessInitializeOnLoadMethodAttributes (23ms)
				AfterProcessingInitializeOnLoad (0ms)
				EditorAssembliesLoaded (0ms)
			ExecutionOrderSort2 (0ms)
			AwakeInstancesAfterBackupRestoration (0ms)
Platform modules already initialized, skipping
Registering precompiled user dll's ...
Registered in 0.005378 seconds.
Begin MonoManager ReloadAssembly
Native extension for WindowsStandalone target not found
Refreshing native plugins compatible for Editor in 35.89 ms, found 3 plugins.
Preloading 0 native plugins for Editor in 0.00 ms.
Mono: successfully reloaded assembly
- Completed reload, in  1.004 seconds
Domain Reload Profiling:
	ReloadAssembly (1005ms)
		BeginReloadAssembly (120ms)
			ExecutionOrderSort (0ms)
			DisableScriptedObjects (4ms)
			BackupInstance (0ms)
			ReleaseScriptingObjects (0ms)
			CreateAndSetChildDomain (15ms)
		EndReloadAssembly (837ms)
			LoadAssemblies (74ms)
			RebuildTransferFunctionScriptingTraits (0ms)
			SetupTypeCache (290ms)
			ReleaseScriptCaches (0ms)
			RebuildScriptCaches (50ms)
			SetupLoadedEditorAssemblies (307ms)
				LogAssemblyErrors (0ms)
				InitializePlatformSupportModulesInManaged (3ms)
				SetLoadedEditorAssemblies (0ms)
				RefreshPlugins (36ms)
				BeforeProcessingInitializeOnLoad (67ms)
				ProcessInitializeOnLoadAttributes (183ms)
				ProcessInitializeOnLoadMethodAttributes (14ms)
				AfterProcessingInitializeOnLoad (4ms)
				EditorAssembliesLoaded (0ms)
			ExecutionOrderSort2 (0ms)
			AwakeInstancesAfterBackupRestoration (5ms)
Platform modules already initialized, skipping
========================================================================
Worker process is ready to serve import requests
Launched and connected shader compiler UnityShaderCompiler.exe after 0.05 seconds
Refreshing native plugins compatible for Editor in 0.43 ms, found 3 plugins.
Preloading 0 native plugins for Editor in 0.00 ms.
Unloading 2361 Unused Serialized files (Serialized files now loaded: 0)
System memory in use before: 103.2 MB.
System memory in use after: 103.4 MB.

Unloading 33 unused Assets to reduce memory usage. Loaded Objects now: 2791.
Total: 2.670700 ms (FindLiveObjects: 0.200900 ms CreateObjectMapping: 0.102200 ms MarkObjects: 2.318000 ms  DeleteObjects: 0.048800 ms)

AssetImportParameters requested are different than current active one (requested -> active):
  custom:framework-win-MediaFoundation: 216162199b28c13a410421893ffa2e32 -> 
  custom:video-decoder-ogg-theora: a1e56fd34408186e4bbccfd4996cb3dc -> 
  custom:container-muxer-webm: aa71ff27fc2769a1b78a27578f13a17b -> 
  custom:container-demuxer-webm: 4f35f7cbe854078d1ac9338744f61a02 -> 
  custom:container-demuxer-ogg: 62fdf1f143b41e24485cea50d1cbac27 -> 
  custom:video-encoder-webm-vp8: eb34c28f22e8b96e1ab97ce403110664 -> 
  custom:video-codec-MediaFoundation-h265: 746d11721c4dcdbdad8f713fa42b33f4 -> 
  custom:video-decoder-webm-vp8: 9c59270c3fd7afecdb556c50c9e8de78 -> 
  custom:audio-decoder-ogg-vorbis: bf7c407c2cedff20999df2af8eb42d56 -> 
  custom:audio-encoder-webm-vorbis: bf7c407c2cedff20999df2af8eb42d56 -> 
========================================================================
Received Import Request.
  path: Assets/Prefabs/Cards/Defense.prefab
  artifactKey: Guid(86f72f988c3727f41b39555c7222063d) Importer(815301076,1909f56bfc062723c751e8b465ee728b)
Start importing Assets/Prefabs/Cards/Defense.prefab using Guid(86f72f988c3727f41b39555c7222063d) Importer(815301076,1909f56bfc062723c751e8b465ee728b)  -> (artifact id: '7586f25d650652982672b3e64110bed1') in 0.104175 seconds 
  Import took 0.107479 seconds .

========================================================================
Received Import Request.
  Time since last request: 0.388249 seconds.
  path: Assets/Prefabs/Cards/Defense.prefab
  artifactKey: Guid(86f72f988c3727f41b39555c7222063d) Importer(815301076,1909f56bfc062723c751e8b465ee728b)
Start importing Assets/Prefabs/Cards/Defense.prefab using Guid(86f72f988c3727f41b39555c7222063d) Importer(815301076,1909f56bfc062723c751e8b465ee728b)  -> (artifact id: 'c1336d2d7235d454c2aa875cd8709d57') in 0.020503 seconds 
  Import took 0.023983 seconds .

========================================================================
Received Import Request.
  Time since last request: 25.332042 seconds.
  path: Assets/Prefabs/Cards/Defense.prefab
  artifactKey: Guid(86f72f988c3727f41b39555c7222063d) Importer(815301076,1909f56bfc062723c751e8b465ee728b)
Start importing Assets/Prefabs/Cards/Defense.prefab using Guid(86f72f988c3727f41b39555c7222063d) Importer(815301076,1909f56bfc062723c751e8b465ee728b)  -> (artifact id: 'a88516c18c6c8ee88b541bb942f52430') in 0.023296 seconds 
  Import took 0.027113 seconds .

========================================================================
Received Import Request.
  Time since last request: 2.822910 seconds.
  path: Assets/Prefabs/Cards/Defense.prefab
  artifactKey: Guid(86f72f988c3727f41b39555c7222063d) Importer(815301076,1909f56bfc062723c751e8b465ee728b)
Start importing Assets/Prefabs/Cards/Defense.prefab using Guid(86f72f988c3727f41b39555c7222063d) Importer(815301076,1909f56bfc062723c751e8b465ee728b)  -> (artifact id: '51565d9a85dc65058110373e4a1deced') in 0.015984 seconds 
  Import took 0.020004 seconds .

========================================================================
Received Import Request.
  Time since last request: 11.862383 seconds.
  path: Assets/Prefabs/Cards/Defense.prefab
  artifactKey: Guid(86f72f988c3727f41b39555c7222063d) Importer(815301076,1909f56bfc062723c751e8b465ee728b)
Start importing Assets/Prefabs/Cards/Defense.prefab using Guid(86f72f988c3727f41b39555c7222063d) Importer(815301076,1909f56bfc062723c751e8b465ee728b)  -> (artifact id: 'ca5dab86b43515d4cca2a8e67e5eb9e5') in 0.014510 seconds 
  Import took 0.018996 seconds .

========================================================================
Received Import Request.
  Time since last request: 6.020701 seconds.
  path: Assets/Prefabs/Cards/Defense.prefab
  artifactKey: Guid(86f72f988c3727f41b39555c7222063d) Importer(815301076,1909f56bfc062723c751e8b465ee728b)
Start importing Assets/Prefabs/Cards/Defense.prefab using Guid(86f72f988c3727f41b39555c7222063d) Importer(815301076,1909f56bfc062723c751e8b465ee728b)  -> (artifact id: '97b5f620937c37690ebdd36d4ea24508') in 0.014741 seconds 
  Import took 0.018182 seconds .

========================================================================
Received Import Request.
  Time since last request: 7.650738 seconds.
  path: Assets/Prefabs/Cards/Defense.prefab
  artifactKey: Guid(86f72f988c3727f41b39555c7222063d) Importer(815301076,1909f56bfc062723c751e8b465ee728b)
Start importing Assets/Prefabs/Cards/Defense.prefab using Guid(86f72f988c3727f41b39555c7222063d) Importer(815301076,1909f56bfc062723c751e8b465ee728b)  -> (artifact id: '0577bb238952d4a3daf7bb6cf075408f') in 0.016638 seconds 
  Import took 0.019967 seconds .

========================================================================
Received Import Request.
  Time since last request: 2.839429 seconds.
  path: Assets/Prefabs/Cards/Defense.prefab
  artifactKey: Guid(86f72f988c3727f41b39555c7222063d) Importer(815301076,1909f56bfc062723c751e8b465ee728b)
Start importing Assets/Prefabs/Cards/Defense.prefab using Guid(86f72f988c3727f41b39555c7222063d) Importer(815301076,1909f56bfc062723c751e8b465ee728b)  -> (artifact id: 'e4a6b97bad614b883c89e8d83c0b4a41') in 0.021004 seconds 
  Import took 0.024494 seconds .

========================================================================
Received Import Request.
  Time since last request: 5.430297 seconds.
  path: Assets/Prefabs/Cards/Defense.prefab
  artifactKey: Guid(86f72f988c3727f41b39555c7222063d) Importer(815301076,1909f56bfc062723c751e8b465ee728b)
Start importing Assets/Prefabs/Cards/Defense.prefab using Guid(86f72f988c3727f41b39555c7222063d) Importer(815301076,1909f56bfc062723c751e8b465ee728b)  -> (artifact id: '493507de1230d7b12883ffaf7239075d') in 0.021395 seconds 
  Import took 0.024951 seconds .

========================================================================
Received Import Request.
  Time since last request: 4.534154 seconds.
  path: Assets/Prefabs/Cards/Defense.prefab
  artifactKey: Guid(86f72f988c3727f41b39555c7222063d) Importer(815301076,1909f56bfc062723c751e8b465ee728b)
Start importing Assets/Prefabs/Cards/Defense.prefab using Guid(86f72f988c3727f41b39555c7222063d) Importer(815301076,1909f56bfc062723c751e8b465ee728b)  -> (artifact id: '3151fd5cabef0fc55df64fca900a74ea') in 0.017173 seconds 
  Import took 0.020822 seconds .

========================================================================
Received Prepare
Registering precompiled user dll's ...
Registered in 0.003908 seconds.
Begin MonoManager ReloadAssembly
Native extension for WindowsStandalone target not found
Refreshing native plugins compatible for Editor in 0.42 ms, found 3 plugins.
Preloading 0 native plugins for Editor in 0.00 ms.
Mono: successfully reloaded assembly
- Completed reload, in  0.910 seconds
Domain Reload Profiling:
	ReloadAssembly (910ms)
		BeginReloadAssembly (103ms)
			ExecutionOrderSort (0ms)
			DisableScriptedObjects (5ms)
			BackupInstance (0ms)
			ReleaseScriptingObjects (0ms)
			CreateAndSetChildDomain (33ms)
		EndReloadAssembly (753ms)
			LoadAssemblies (72ms)
			RebuildTransferFunctionScriptingTraits (0ms)
			SetupTypeCache (283ms)
			ReleaseScriptCaches (1ms)
			RebuildScriptCaches (41ms)
			SetupLoadedEditorAssemblies (260ms)
				LogAssemblyErrors (0ms)
				InitializePlatformSupportModulesInManaged (4ms)
				SetLoadedEditorAssemblies (0ms)
				RefreshPlugins (0ms)
				BeforeProcessingInitializeOnLoad (71ms)
				ProcessInitializeOnLoadAttributes (171ms)
				ProcessInitializeOnLoadMethodAttributes (9ms)
				AfterProcessingInitializeOnLoad (3ms)
				EditorAssembliesLoaded (0ms)
			ExecutionOrderSort2 (0ms)
			AwakeInstancesAfterBackupRestoration (8ms)
Platform modules already initialized, skipping
Refreshing native plugins compatible for Editor in 0.44 ms, found 3 plugins.
Preloading 0 native plugins for Editor in 0.00 ms.
Unloading 2350 Unused Serialized files (Serialized files now loaded: 0)
System memory in use before: 105.7 MB.
System memory in use after: 105.9 MB.

Unloading 22 unused Assets to reduce memory usage. Loaded Objects now: 2802.
Total: 3.025800 ms (FindLiveObjects: 0.195900 ms CreateObjectMapping: 0.082700 ms MarkObjects: 2.732400 ms  DeleteObjects: 0.014200 ms)

AssetImportParameters requested are different than current active one (requested -> active):
  custom:framework-win-MediaFoundation: 216162199b28c13a410421893ffa2e32 -> 
  custom:video-decoder-ogg-theora: a1e56fd34408186e4bbccfd4996cb3dc -> 
  custom:container-muxer-webm: aa71ff27fc2769a1b78a27578f13a17b -> 
  custom:container-demuxer-webm: 4f35f7cbe854078d1ac9338744f61a02 -> 
  custom:container-demuxer-ogg: 62fdf1f143b41e24485cea50d1cbac27 -> 
  custom:video-encoder-webm-vp8: eb34c28f22e8b96e1ab97ce403110664 -> 
  custom:video-codec-MediaFoundation-h265: 746d11721c4dcdbdad8f713fa42b33f4 -> 
  custom:video-decoder-webm-vp8: 9c59270c3fd7afecdb556c50c9e8de78 -> 
  custom:audio-decoder-ogg-vorbis: bf7c407c2cedff20999df2af8eb42d56 -> 
  custom:audio-encoder-webm-vorbis: bf7c407c2cedff20999df2af8eb42d56 -> 
========================================================================
Received Prepare
Registering precompiled user dll's ...
Registered in 0.003862 seconds.
Begin MonoManager ReloadAssembly
Native extension for WindowsStandalone target not found
Refreshing native plugins compatible for Editor in 0.39 ms, found 3 plugins.
Preloading 0 native plugins for Editor in 0.00 ms.
Mono: successfully reloaded assembly
- Completed reload, in  0.908 seconds
Domain Reload Profiling:
	ReloadAssembly (909ms)
		BeginReloadAssembly (103ms)
			ExecutionOrderSort (0ms)
			DisableScriptedObjects (5ms)
			BackupInstance (0ms)
			ReleaseScriptingObjects (0ms)
			CreateAndSetChildDomain (32ms)
		EndReloadAssembly (756ms)
			LoadAssemblies (70ms)
			RebuildTransferFunctionScriptingTraits (0ms)
			SetupTypeCache (291ms)
			ReleaseScriptCaches (1ms)
			RebuildScriptCaches (42ms)
			SetupLoadedEditorAssemblies (259ms)
				LogAssemblyErrors (0ms)
				InitializePlatformSupportModulesInManaged (5ms)
				SetLoadedEditorAssemblies (0ms)
				RefreshPlugins (0ms)
				BeforeProcessingInitializeOnLoad (71ms)
				ProcessInitializeOnLoadAttributes (169ms)
				ProcessInitializeOnLoadMethodAttributes (10ms)
				AfterProcessingInitializeOnLoad (3ms)
				EditorAssembliesLoaded (0ms)
			ExecutionOrderSort2 (0ms)
			AwakeInstancesAfterBackupRestoration (7ms)
Platform modules already initialized, skipping
Refreshing native plugins compatible for Editor in 0.45 ms, found 3 plugins.
Preloading 0 native plugins for Editor in 0.00 ms.
Unloading 2350 Unused Serialized files (Serialized files now loaded: 0)
System memory in use before: 105.7 MB.
System memory in use after: 106.0 MB.

Unloading 22 unused Assets to reduce memory usage. Loaded Objects now: 2804.
Total: 2.578900 ms (FindLiveObjects: 0.179700 ms CreateObjectMapping: 0.090700 ms MarkObjects: 2.295600 ms  DeleteObjects: 0.012200 ms)

AssetImportParameters requested are different than current active one (requested -> active):
  custom:framework-win-MediaFoundation: 216162199b28c13a410421893ffa2e32 -> 
  custom:video-decoder-ogg-theora: a1e56fd34408186e4bbccfd4996cb3dc -> 
  custom:container-muxer-webm: aa71ff27fc2769a1b78a27578f13a17b -> 
  custom:container-demuxer-webm: 4f35f7cbe854078d1ac9338744f61a02 -> 
  custom:container-demuxer-ogg: 62fdf1f143b41e24485cea50d1cbac27 -> 
  custom:video-encoder-webm-vp8: eb34c28f22e8b96e1ab97ce403110664 -> 
  custom:video-codec-MediaFoundation-h265: 746d11721c4dcdbdad8f713fa42b33f4 -> 
  custom:video-decoder-webm-vp8: 9c59270c3fd7afecdb556c50c9e8de78 -> 
  custom:audio-decoder-ogg-vorbis: bf7c407c2cedff20999df2af8eb42d56 -> 
  custom:audio-encoder-webm-vorbis: bf7c407c2cedff20999df2af8eb42d56 -> 
========================================================================
Received Prepare
Registering precompiled user dll's ...
Registered in 0.004423 seconds.
Begin MonoManager ReloadAssembly
Native extension for WindowsStandalone target not found
Refreshing native plugins compatible for Editor in 0.44 ms, found 3 plugins.
Preloading 0 native plugins for Editor in 0.00 ms.
Mono: successfully reloaded assembly
- Completed reload, in  0.893 seconds
Domain Reload Profiling:
	ReloadAssembly (893ms)
		BeginReloadAssembly (89ms)
			ExecutionOrderSort (0ms)
			DisableScriptedObjects (6ms)
			BackupInstance (0ms)
			ReleaseScriptingObjects (0ms)
			CreateAndSetChildDomain (30ms)
		EndReloadAssembly (750ms)
			LoadAssemblies (69ms)
			RebuildTransferFunctionScriptingTraits (0ms)
			SetupTypeCache (296ms)
			ReleaseScriptCaches (1ms)
			RebuildScriptCaches (42ms)
			SetupLoadedEditorAssemblies (257ms)
				LogAssemblyErrors (0ms)
				InitializePlatformSupportModulesInManaged (4ms)
				SetLoadedEditorAssemblies (0ms)
				RefreshPlugins (0ms)
				BeforeProcessingInitializeOnLoad (71ms)
				ProcessInitializeOnLoadAttributes (168ms)
				ProcessInitializeOnLoadMethodAttributes (9ms)
				AfterProcessingInitializeOnLoad (3ms)
				EditorAssembliesLoaded (0ms)
			ExecutionOrderSort2 (0ms)
			AwakeInstancesAfterBackupRestoration (7ms)
Platform modules already initialized, skipping
Refreshing native plugins compatible for Editor in 0.46 ms, found 3 plugins.
Preloading 0 native plugins for Editor in 0.00 ms.
Unloading 2350 Unused Serialized files (Serialized files now loaded: 0)
System memory in use before: 105.8 MB.
System memory in use after: 106.0 MB.

Unloading 22 unused Assets to reduce memory usage. Loaded Objects now: 2806.
Total: 2.499000 ms (FindLiveObjects: 0.196000 ms CreateObjectMapping: 0.086600 ms MarkObjects: 2.203100 ms  DeleteObjects: 0.012800 ms)

AssetImportParameters requested are different than current active one (requested -> active):
  custom:framework-win-MediaFoundation: 216162199b28c13a410421893ffa2e32 -> 
  custom:video-decoder-ogg-theora: a1e56fd34408186e4bbccfd4996cb3dc -> 
  custom:container-muxer-webm: aa71ff27fc2769a1b78a27578f13a17b -> 
  custom:container-demuxer-webm: 4f35f7cbe854078d1ac9338744f61a02 -> 
  custom:container-demuxer-ogg: 62fdf1f143b41e24485cea50d1cbac27 -> 
  custom:video-encoder-webm-vp8: eb34c28f22e8b96e1ab97ce403110664 -> 
  custom:video-codec-MediaFoundation-h265: 746d11721c4dcdbdad8f713fa42b33f4 -> 
  custom:video-decoder-webm-vp8: 9c59270c3fd7afecdb556c50c9e8de78 -> 
  custom:audio-decoder-ogg-vorbis: bf7c407c2cedff20999df2af8eb42d56 -> 
  custom:audio-encoder-webm-vorbis: bf7c407c2cedff20999df2af8eb42d56 -> 
========================================================================
Received Import Request.
  Time since last request: 149.512985 seconds.
  path: Assets/Prefabs/Cards/Defense.prefab
  artifactKey: Guid(86f72f988c3727f41b39555c7222063d) Importer(815301076,1909f56bfc062723c751e8b465ee728b)
Start importing Assets/Prefabs/Cards/Defense.prefab using Guid(86f72f988c3727f41b39555c7222063d) Importer(815301076,1909f56bfc062723c751e8b465ee728b)  -> (artifact id: '4a19080465fdedc592bb91f667512968') in 0.071688 seconds 
  Import took 0.075117 seconds .

========================================================================
Received Import Request.
  Time since last request: 0.000175 seconds.
  path: Assets/Prefabs/Cards/Strike.prefab
  artifactKey: Guid(70ab340c7d7325d4ba65932c4ca7626c) Importer(815301076,1909f56bfc062723c751e8b465ee728b)
Start importing Assets/Prefabs/Cards/Strike.prefab using Guid(70ab340c7d7325d4ba65932c4ca7626c) Importer(815301076,1909f56bfc062723c751e8b465ee728b)  -> (artifact id: 'cfa080edc7c6030964870a0375524a3d') in 0.027848 seconds 
  Import took 0.031109 seconds .

========================================================================
Received Import Request.
  Time since last request: 0.000154 seconds.
  path: Assets/Prefabs/Cards/Base.prefab
  artifactKey: Guid(329534ad9ea710046935e5c448148929) Importer(815301076,1909f56bfc062723c751e8b465ee728b)
Start importing Assets/Prefabs/Cards/Base.prefab using Guid(329534ad9ea710046935e5c448148929) Importer(815301076,1909f56bfc062723c751e8b465ee728b)  -> (artifact id: '9ca0d415db4ab4a73546f772a3c2de7a') in 0.044156 seconds 
  Import took 0.047272 seconds .

========================================================================
Received Import Request.
  Time since last request: 2.015465 seconds.
  path: Assets/Prefabs/Cards/Base.prefab
  artifactKey: Guid(329534ad9ea710046935e5c448148929) Importer(815301076,1909f56bfc062723c751e8b465ee728b)
Start importing Assets/Prefabs/Cards/Base.prefab using Guid(329534ad9ea710046935e5c448148929) Importer(815301076,1909f56bfc062723c751e8b465ee728b)  -> (artifact id: 'a62136acf19ef693fc3fbf911518b0e6') in 0.017051 seconds 
  Import took 0.020315 seconds .

========================================================================
Received Import Request.
  Time since last request: 0.000138 seconds.
  path: Assets/Prefabs/Cards/Defense.prefab
  artifactKey: Guid(86f72f988c3727f41b39555c7222063d) Importer(815301076,1909f56bfc062723c751e8b465ee728b)
Start importing Assets/Prefabs/Cards/Defense.prefab using Guid(86f72f988c3727f41b39555c7222063d) Importer(815301076,1909f56bfc062723c751e8b465ee728b)  -> (artifact id: '124a048358cb994927ffe97b6b76176a') in 0.017037 seconds 
  Import took 0.020139 seconds .

========================================================================
Received Import Request.
  Time since last request: 0.000238 seconds.
  path: Assets/Prefabs/Cards/Strike.prefab
  artifactKey: Guid(70ab340c7d7325d4ba65932c4ca7626c) Importer(815301076,1909f56bfc062723c751e8b465ee728b)
Start importing Assets/Prefabs/Cards/Strike.prefab using Guid(70ab340c7d7325d4ba65932c4ca7626c) Importer(815301076,1909f56bfc062723c751e8b465ee728b)  -> (artifact id: '6c5cd94a363308e3e50b78a98fc31560') in 0.023855 seconds 
  Import took 0.027147 seconds .

========================================================================
Received Import Request.
  Time since last request: 2.775382 seconds.
  path: Assets/Prefabs/Cards/Base.prefab
  artifactKey: Guid(329534ad9ea710046935e5c448148929) Importer(815301076,1909f56bfc062723c751e8b465ee728b)
Start importing Assets/Prefabs/Cards/Base.prefab using Guid(329534ad9ea710046935e5c448148929) Importer(815301076,1909f56bfc062723c751e8b465ee728b)  -> (artifact id: '323f41624f1b56d827c4aec4e3579ff4') in 0.018298 seconds 
  Import took 0.021576 seconds .

========================================================================
Received Import Request.
  Time since last request: 0.000140 seconds.
  path: Assets/Prefabs/Cards/Defense.prefab
  artifactKey: Guid(86f72f988c3727f41b39555c7222063d) Importer(815301076,1909f56bfc062723c751e8b465ee728b)
Start importing Assets/Prefabs/Cards/Defense.prefab using Guid(86f72f988c3727f41b39555c7222063d) Importer(815301076,1909f56bfc062723c751e8b465ee728b)  -> (artifact id: '9101fb1c7bdf5092e53698fcf287f562') in 0.018449 seconds 
  Import took 0.022043 seconds .

========================================================================
Received Import Request.
  Time since last request: 0.000204 seconds.
  path: Assets/Prefabs/Cards/Strike.prefab
  artifactKey: Guid(70ab340c7d7325d4ba65932c4ca7626c) Importer(815301076,1909f56bfc062723c751e8b465ee728b)
Start importing Assets/Prefabs/Cards/Strike.prefab using Guid(70ab340c7d7325d4ba65932c4ca7626c) Importer(815301076,1909f56bfc062723c751e8b465ee728b)  -> (artifact id: '179097d9ef5eeeae4fe11cf693397d5a') in 0.022119 seconds 
  Import took 0.025884 seconds .

========================================================================
Received Import Request.
  Time since last request: 14.871488 seconds.
  path: Assets/Prefabs/Cards/Base.prefab
  artifactKey: Guid(329534ad9ea710046935e5c448148929) Importer(815301076,1909f56bfc062723c751e8b465ee728b)
Start importing Assets/Prefabs/Cards/Base.prefab using Guid(329534ad9ea710046935e5c448148929) Importer(815301076,1909f56bfc062723c751e8b465ee728b)  -> (artifact id: '8ce63dc019843ac37cb1b1d48e5d7991') in 0.018051 seconds 
  Import took 0.021553 seconds .

========================================================================
Received Import Request.
  Time since last request: 0.000156 seconds.
  path: Assets/Prefabs/Cards/Defense.prefab
  artifactKey: Guid(86f72f988c3727f41b39555c7222063d) Importer(815301076,1909f56bfc062723c751e8b465ee728b)
Start importing Assets/Prefabs/Cards/Defense.prefab using Guid(86f72f988c3727f41b39555c7222063d) Importer(815301076,1909f56bfc062723c751e8b465ee728b)  -> (artifact id: '18018b02e7fdf13bbe6f1ad33ac2763f') in 0.035648 seconds 
  Import took 0.038741 seconds .

========================================================================
Received Import Request.
  Time since last request: 0.000178 seconds.
  path: Assets/Prefabs/Cards/Strike.prefab
  artifactKey: Guid(70ab340c7d7325d4ba65932c4ca7626c) Importer(815301076,1909f56bfc062723c751e8b465ee728b)
Start importing Assets/Prefabs/Cards/Strike.prefab using Guid(70ab340c7d7325d4ba65932c4ca7626c) Importer(815301076,1909f56bfc062723c751e8b465ee728b)  -> (artifact id: '90a6fa2c15402f48744c5c6ce0e471dd') in 0.026876 seconds 
  Import took 0.029934 seconds .

========================================================================
Received Prepare
Registering precompiled user dll's ...
Registered in 0.004525 seconds.
Begin MonoManager ReloadAssembly
Native extension for WindowsStandalone target not found
Refreshing native plugins compatible for Editor in 0.49 ms, found 3 plugins.
Preloading 0 native plugins for Editor in 0.00 ms.
Mono: successfully reloaded assembly
- Completed reload, in  0.984 seconds
Domain Reload Profiling:
	ReloadAssembly (985ms)
		BeginReloadAssembly (103ms)
			ExecutionOrderSort (0ms)
			DisableScriptedObjects (5ms)
			BackupInstance (0ms)
			ReleaseScriptingObjects (0ms)
			CreateAndSetChildDomain (35ms)
		EndReloadAssembly (828ms)
			LoadAssemblies (75ms)
			RebuildTransferFunctionScriptingTraits (0ms)
			SetupTypeCache (308ms)
			ReleaseScriptCaches (2ms)
			RebuildScriptCaches (45ms)
			SetupLoadedEditorAssemblies (297ms)
				LogAssemblyErrors (0ms)
				InitializePlatformSupportModulesInManaged (5ms)
				SetLoadedEditorAssemblies (1ms)
				RefreshPlugins (1ms)
				BeforeProcessingInitializeOnLoad (83ms)
				ProcessInitializeOnLoadAttributes (193ms)
				ProcessInitializeOnLoadMethodAttributes (11ms)
				AfterProcessingInitializeOnLoad (4ms)
				EditorAssembliesLoaded (0ms)
			ExecutionOrderSort2 (0ms)
			AwakeInstancesAfterBackupRestoration (8ms)
Platform modules already initialized, skipping
Refreshing native plugins compatible for Editor in 0.52 ms, found 3 plugins.
Preloading 0 native plugins for Editor in 0.00 ms.
Unloading 2350 Unused Serialized files (Serialized files now loaded: 0)
System memory in use before: 105.8 MB.
System memory in use after: 106.0 MB.

Unloading 22 unused Assets to reduce memory usage. Loaded Objects now: 2809.
Total: 2.960800 ms (FindLiveObjects: 0.239600 ms CreateObjectMapping: 0.097600 ms MarkObjects: 2.592400 ms  DeleteObjects: 0.014600 ms)

AssetImportParameters requested are different than current active one (requested -> active):
  custom:framework-win-MediaFoundation: 216162199b28c13a410421893ffa2e32 -> 
  custom:video-decoder-ogg-theora: a1e56fd34408186e4bbccfd4996cb3dc -> 
  custom:container-muxer-webm: aa71ff27fc2769a1b78a27578f13a17b -> 
  custom:container-demuxer-webm: 4f35f7cbe854078d1ac9338744f61a02 -> 
  custom:container-demuxer-ogg: 62fdf1f143b41e24485cea50d1cbac27 -> 
  custom:video-encoder-webm-vp8: eb34c28f22e8b96e1ab97ce403110664 -> 
  custom:video-codec-MediaFoundation-h265: 746d11721c4dcdbdad8f713fa42b33f4 -> 
  custom:video-decoder-webm-vp8: 9c59270c3fd7afecdb556c50c9e8de78 -> 
  custom:audio-decoder-ogg-vorbis: bf7c407c2cedff20999df2af8eb42d56 -> 
  custom:audio-encoder-webm-vorbis: bf7c407c2cedff20999df2af8eb42d56 -> 
========================================================================
Received Import Request.
  Time since last request: 5.855220 seconds.
  path: Assets/Prefabs/Cards/Defense.prefab
  artifactKey: Guid(86f72f988c3727f41b39555c7222063d) Importer(815301076,1909f56bfc062723c751e8b465ee728b)
Start importing Assets/Prefabs/Cards/Defense.prefab using Guid(86f72f988c3727f41b39555c7222063d) Importer(815301076,1909f56bfc062723c751e8b465ee728b)  -> (artifact id: '23ef4342a440aa9575de64a26f2ffdc6') in 0.066401 seconds 
  Import took 0.069746 seconds .

========================================================================
Received Import Request.
  Time since last request: 0.000182 seconds.
  path: Assets/Prefabs/Cards/Strike.prefab
  artifactKey: Guid(70ab340c7d7325d4ba65932c4ca7626c) Importer(815301076,1909f56bfc062723c751e8b465ee728b)
Start importing Assets/Prefabs/Cards/Strike.prefab using Guid(70ab340c7d7325d4ba65932c4ca7626c) Importer(815301076,1909f56bfc062723c751e8b465ee728b)  -> (artifact id: '741dd428ca45a303bcc6799a929ad22e') in 0.015434 seconds 
  Import took 0.018706 seconds .

========================================================================
Received Import Request.
  Time since last request: 0.000205 seconds.
  path: Assets/Prefabs/Cards/Base.prefab
  artifactKey: Guid(329534ad9ea710046935e5c448148929) Importer(815301076,1909f56bfc062723c751e8b465ee728b)
Start importing Assets/Prefabs/Cards/Base.prefab using Guid(329534ad9ea710046935e5c448148929) Importer(815301076,1909f56bfc062723c751e8b465ee728b)  -> (artifact id: '870d037a4bae4cdb9e332f96c03cde30') in 0.014863 seconds 
  Import took 0.018304 seconds .

========================================================================
Received Import Request.
  Time since last request: 33.106617 seconds.
  path: Assets/Prefabs/Cards/Defense.prefab
  artifactKey: Guid(86f72f988c3727f41b39555c7222063d) Importer(815301076,1909f56bfc062723c751e8b465ee728b)
Start importing Assets/Prefabs/Cards/Defense.prefab using Guid(86f72f988c3727f41b39555c7222063d) Importer(815301076,1909f56bfc062723c751e8b465ee728b)  -> (artifact id: '9a0b3cc1c39cc1d72f227281ae6cc8e2') in 0.023764 seconds 
  Import took 0.030252 seconds .

========================================================================
Received Prepare
Registering precompiled user dll's ...
Registered in 0.004107 seconds.
Begin MonoManager ReloadAssembly
Native extension for WindowsStandalone target not found
Refreshing native plugins compatible for Editor in 0.43 ms, found 3 plugins.
Preloading 0 native plugins for Editor in 0.00 ms.
Mono: successfully reloaded assembly
- Completed reload, in  0.900 seconds
Domain Reload Profiling:
	ReloadAssembly (901ms)
		BeginReloadAssembly (105ms)
			ExecutionOrderSort (0ms)
			DisableScriptedObjects (5ms)
			BackupInstance (0ms)
			ReleaseScriptingObjects (0ms)
			CreateAndSetChildDomain (34ms)
		EndReloadAssembly (748ms)
			LoadAssemblies (69ms)
			RebuildTransferFunctionScriptingTraits (0ms)
			SetupTypeCache (275ms)
			ReleaseScriptCaches (1ms)
			RebuildScriptCaches (44ms)
			SetupLoadedEditorAssemblies (264ms)
				LogAssemblyErrors (0ms)
				InitializePlatformSupportModulesInManaged (5ms)
				SetLoadedEditorAssemblies (0ms)
				RefreshPlugins (0ms)
				BeforeProcessingInitializeOnLoad (75ms)
				ProcessInitializeOnLoadAttributes (170ms)
				ProcessInitializeOnLoadMethodAttributes (10ms)
				AfterProcessingInitializeOnLoad (4ms)
				EditorAssembliesLoaded (0ms)
			ExecutionOrderSort2 (0ms)
			AwakeInstancesAfterBackupRestoration (7ms)
Platform modules already initialized, skipping
Refreshing native plugins compatible for Editor in 0.42 ms, found 3 plugins.
Preloading 0 native plugins for Editor in 0.00 ms.
Unloading 2350 Unused Serialized files (Serialized files now loaded: 0)
System memory in use before: 105.7 MB.
System memory in use after: 106.0 MB.

Unloading 22 unused Assets to reduce memory usage. Loaded Objects now: 2812.
Total: 2.526900 ms (FindLiveObjects: 0.179600 ms CreateObjectMapping: 0.086500 ms MarkObjects: 2.248300 ms  DeleteObjects: 0.011800 ms)

AssetImportParameters requested are different than current active one (requested -> active):
  custom:framework-win-MediaFoundation: 216162199b28c13a410421893ffa2e32 -> 
  custom:video-decoder-ogg-theora: a1e56fd34408186e4bbccfd4996cb3dc -> 
  custom:container-muxer-webm: aa71ff27fc2769a1b78a27578f13a17b -> 
  custom:container-demuxer-webm: 4f35f7cbe854078d1ac9338744f61a02 -> 
  custom:container-demuxer-ogg: 62fdf1f143b41e24485cea50d1cbac27 -> 
  custom:video-encoder-webm-vp8: eb34c28f22e8b96e1ab97ce403110664 -> 
  custom:video-codec-MediaFoundation-h265: 746d11721c4dcdbdad8f713fa42b33f4 -> 
  custom:video-decoder-webm-vp8: 9c59270c3fd7afecdb556c50c9e8de78 -> 
  custom:audio-decoder-ogg-vorbis: bf7c407c2cedff20999df2af8eb42d56 -> 
  custom:audio-encoder-webm-vorbis: bf7c407c2cedff20999df2af8eb42d56 -> 
========================================================================
Received Import Request.
  Time since last request: 36.460161 seconds.
  path: Assets/Prefabs/Cards/Defense.prefab
  artifactKey: Guid(86f72f988c3727f41b39555c7222063d) Importer(815301076,1909f56bfc062723c751e8b465ee728b)
Start importing Assets/Prefabs/Cards/Defense.prefab using Guid(86f72f988c3727f41b39555c7222063d) Importer(815301076,1909f56bfc062723c751e8b465ee728b)  -> (artifact id: '9f5f162f392b8e0a7dff2766a420c6fe') in 0.057710 seconds 
  Import took 0.060861 seconds .

========================================================================
Received Import Request.
  Time since last request: 0.681672 seconds.
  path: Assets/Prefabs/Cards/Defense.prefab
  artifactKey: Guid(86f72f988c3727f41b39555c7222063d) Importer(815301076,1909f56bfc062723c751e8b465ee728b)
Start importing Assets/Prefabs/Cards/Defense.prefab using Guid(86f72f988c3727f41b39555c7222063d) Importer(815301076,1909f56bfc062723c751e8b465ee728b)  -> (artifact id: '581ac08c36594a609f6c7e382fff6a86') in 0.024589 seconds 
  Import took 0.028092 seconds .

========================================================================
Received Import Request.
  Time since last request: 10.269526 seconds.
  path: Assets/Prefabs/Cards/Defense.prefab
  artifactKey: Guid(86f72f988c3727f41b39555c7222063d) Importer(815301076,1909f56bfc062723c751e8b465ee728b)
Start importing Assets/Prefabs/Cards/Defense.prefab using Guid(86f72f988c3727f41b39555c7222063d) Importer(815301076,1909f56bfc062723c751e8b465ee728b)  -> (artifact id: 'e0be7a3caded2090c8c8d5b2f391fff7') in 0.019308 seconds 
  Import took 0.023029 seconds .

========================================================================
Received Import Request.
  Time since last request: 3.095607 seconds.
  path: Assets/Prefabs/Cards/Defense.prefab
  artifactKey: Guid(86f72f988c3727f41b39555c7222063d) Importer(815301076,1909f56bfc062723c751e8b465ee728b)
Start importing Assets/Prefabs/Cards/Defense.prefab using Guid(86f72f988c3727f41b39555c7222063d) Importer(815301076,1909f56bfc062723c751e8b465ee728b)  -> (artifact id: '3c4234f12d1a00e23fdd54640c080da3') in 0.018396 seconds 
  Import took 0.021916 seconds .

========================================================================
Received Import Request.
  Time since last request: 21.047850 seconds.
  path: Assets/Prefabs/Cards/Strike.prefab
  artifactKey: Guid(70ab340c7d7325d4ba65932c4ca7626c) Importer(815301076,1909f56bfc062723c751e8b465ee728b)
Start importing Assets/Prefabs/Cards/Strike.prefab using Guid(70ab340c7d7325d4ba65932c4ca7626c) Importer(815301076,1909f56bfc062723c751e8b465ee728b)  -> (artifact id: '4d7555e1debded37b952b47b68dd9147') in 0.021503 seconds 
  Import took 0.025092 seconds .

========================================================================
Received Import Request.
  Time since last request: 5.982765 seconds.
  path: Assets/Prefabs/Cards/Strike.prefab
  artifactKey: Guid(70ab340c7d7325d4ba65932c4ca7626c) Importer(815301076,1909f56bfc062723c751e8b465ee728b)
Start importing Assets/Prefabs/Cards/Strike.prefab using Guid(70ab340c7d7325d4ba65932c4ca7626c) Importer(815301076,1909f56bfc062723c751e8b465ee728b)  -> (artifact id: '29619a0946c46a9c3a812dc05a0eb216') in 0.018413 seconds 
  Import took 0.021918 seconds .

========================================================================
Received Prepare
Registering precompiled user dll's ...
Registered in 0.004471 seconds.
Begin MonoManager ReloadAssembly
Native extension for WindowsStandalone target not found
Refreshing native plugins compatible for Editor in 0.51 ms, found 3 plugins.
Preloading 0 native plugins for Editor in 0.00 ms.
Mono: successfully reloaded assembly
- Completed reload, in  0.990 seconds
Domain Reload Profiling:
	ReloadAssembly (991ms)
		BeginReloadAssembly (104ms)
			ExecutionOrderSort (0ms)
			DisableScriptedObjects (6ms)
			BackupInstance (0ms)
			ReleaseScriptingObjects (0ms)
			CreateAndSetChildDomain (35ms)
		EndReloadAssembly (833ms)
			LoadAssemblies (76ms)
			RebuildTransferFunctionScriptingTraits (0ms)
			SetupTypeCache (310ms)
			ReleaseScriptCaches (1ms)
			RebuildScriptCaches (47ms)
			SetupLoadedEditorAssemblies (297ms)
				LogAssemblyErrors (0ms)
				InitializePlatformSupportModulesInManaged (5ms)
				SetLoadedEditorAssemblies (0ms)
				RefreshPlugins (1ms)
				BeforeProcessingInitializeOnLoad (84ms)
				ProcessInitializeOnLoadAttributes (191ms)
				ProcessInitializeOnLoadMethodAttributes (11ms)
				AfterProcessingInitializeOnLoad (4ms)
				EditorAssembliesLoaded (0ms)
			ExecutionOrderSort2 (0ms)
			AwakeInstancesAfterBackupRestoration (8ms)
Platform modules already initialized, skipping
Refreshing native plugins compatible for Editor in 0.45 ms, found 3 plugins.
Preloading 0 native plugins for Editor in 0.00 ms.
Unloading 2350 Unused Serialized files (Serialized files now loaded: 0)
System memory in use before: 105.8 MB.
System memory in use after: 106.1 MB.

Unloading 22 unused Assets to reduce memory usage. Loaded Objects now: 2815.
Total: 3.181200 ms (FindLiveObjects: 0.228200 ms CreateObjectMapping: 0.100100 ms MarkObjects: 2.836100 ms  DeleteObjects: 0.015900 ms)

AssetImportParameters requested are different than current active one (requested -> active):
  custom:framework-win-MediaFoundation: 216162199b28c13a410421893ffa2e32 -> 
  custom:video-decoder-ogg-theora: a1e56fd34408186e4bbccfd4996cb3dc -> 
  custom:container-muxer-webm: aa71ff27fc2769a1b78a27578f13a17b -> 
  custom:container-demuxer-webm: 4f35f7cbe854078d1ac9338744f61a02 -> 
  custom:container-demuxer-ogg: 62fdf1f143b41e24485cea50d1cbac27 -> 
  custom:video-encoder-webm-vp8: eb34c28f22e8b96e1ab97ce403110664 -> 
  custom:video-codec-MediaFoundation-h265: 746d11721c4dcdbdad8f713fa42b33f4 -> 
  custom:video-decoder-webm-vp8: 9c59270c3fd7afecdb556c50c9e8de78 -> 
  custom:audio-decoder-ogg-vorbis: bf7c407c2cedff20999df2af8eb42d56 -> 
  custom:audio-encoder-webm-vorbis: bf7c407c2cedff20999df2af8eb42d56 -> 
========================================================================
Received Prepare
Registering precompiled user dll's ...
Registered in 0.004542 seconds.
Begin MonoManager ReloadAssembly
Native extension for WindowsStandalone target not found
Refreshing native plugins compatible for Editor in 0.84 ms, found 3 plugins.
Preloading 0 native plugins for Editor in 0.00 ms.
Mono: successfully reloaded assembly
- Completed reload, in  0.884 seconds
Domain Reload Profiling:
	ReloadAssembly (885ms)
		BeginReloadAssembly (103ms)
			ExecutionOrderSort (0ms)
			DisableScriptedObjects (6ms)
			BackupInstance (0ms)
			ReleaseScriptingObjects (0ms)
			CreateAndSetChildDomain (31ms)
		EndReloadAssembly (731ms)
			LoadAssemblies (71ms)
			RebuildTransferFunctionScriptingTraits (0ms)
			SetupTypeCache (279ms)
			ReleaseScriptCaches (1ms)
			RebuildScriptCaches (42ms)
			SetupLoadedEditorAssemblies (255ms)
				LogAssemblyErrors (0ms)
				InitializePlatformSupportModulesInManaged (4ms)
				SetLoadedEditorAssemblies (0ms)
				RefreshPlugins (1ms)
				BeforeProcessingInitializeOnLoad (73ms)
				ProcessInitializeOnLoadAttributes (164ms)
				ProcessInitializeOnLoadMethodAttributes (9ms)
				AfterProcessingInitializeOnLoad (4ms)
				EditorAssembliesLoaded (0ms)
			ExecutionOrderSort2 (0ms)
			AwakeInstancesAfterBackupRestoration (7ms)
Platform modules already initialized, skipping
Refreshing native plugins compatible for Editor in 0.41 ms, found 3 plugins.
Preloading 0 native plugins for Editor in 0.00 ms.
Unloading 2350 Unused Serialized files (Serialized files now loaded: 0)
System memory in use before: 105.9 MB.
System memory in use after: 106.1 MB.

Unloading 22 unused Assets to reduce memory usage. Loaded Objects now: 2817.
Total: 2.595500 ms (FindLiveObjects: 0.167100 ms CreateObjectMapping: 0.076600 ms MarkObjects: 2.339000 ms  DeleteObjects: 0.012100 ms)

AssetImportParameters requested are different than current active one (requested -> active):
  custom:framework-win-MediaFoundation: 216162199b28c13a410421893ffa2e32 -> 
  custom:video-decoder-ogg-theora: a1e56fd34408186e4bbccfd4996cb3dc -> 
  custom:container-muxer-webm: aa71ff27fc2769a1b78a27578f13a17b -> 
  custom:container-demuxer-webm: 4f35f7cbe854078d1ac9338744f61a02 -> 
  custom:container-demuxer-ogg: 62fdf1f143b41e24485cea50d1cbac27 -> 
  custom:video-encoder-webm-vp8: eb34c28f22e8b96e1ab97ce403110664 -> 
  custom:video-codec-MediaFoundation-h265: 746d11721c4dcdbdad8f713fa42b33f4 -> 
  custom:video-decoder-webm-vp8: 9c59270c3fd7afecdb556c50c9e8de78 -> 
  custom:audio-decoder-ogg-vorbis: bf7c407c2cedff20999df2af8eb42d56 -> 
  custom:audio-encoder-webm-vorbis: bf7c407c2cedff20999df2af8eb42d56 -> 
========================================================================
Received Import Request.
  Time since last request: 116.287584 seconds.
  path: Assets/Prefabs/Cards/Defense.prefab
  artifactKey: Guid(86f72f988c3727f41b39555c7222063d) Importer(815301076,1909f56bfc062723c751e8b465ee728b)
Start importing Assets/Prefabs/Cards/Defense.prefab using Guid(86f72f988c3727f41b39555c7222063d) Importer(815301076,1909f56bfc062723c751e8b465ee728b)  -> (artifact id: 'a4c70544e69f89145bbaeaaef60bef76') in 0.059235 seconds 
  Import took 0.062375 seconds .

========================================================================
Received Import Request.
  Time since last request: 0.000290 seconds.
  path: Assets/Prefabs/Cards/Strike.prefab
  artifactKey: Guid(70ab340c7d7325d4ba65932c4ca7626c) Importer(815301076,1909f56bfc062723c751e8b465ee728b)
Start importing Assets/Prefabs/Cards/Strike.prefab using Guid(70ab340c7d7325d4ba65932c4ca7626c) Importer(815301076,1909f56bfc062723c751e8b465ee728b)  -> (artifact id: '7cbb285729c0354ba2e738242c7b6f82') in 0.029280 seconds 
  Import took 0.032837 seconds .

========================================================================
Received Import Request.
  Time since last request: 0.000327 seconds.
  path: Assets/Prefabs/Cards/Base.prefab
  artifactKey: Guid(329534ad9ea710046935e5c448148929) Importer(815301076,1909f56bfc062723c751e8b465ee728b)
Start importing Assets/Prefabs/Cards/Base.prefab using Guid(329534ad9ea710046935e5c448148929) Importer(815301076,1909f56bfc062723c751e8b465ee728b)  -> (artifact id: '56e8bbc0589e874548362911e9595d52') in 0.031120 seconds 
  Import took 0.034192 seconds .

========================================================================
Received Import Request.
  Time since last request: 31.773349 seconds.
  path: Assets/Prefabs/Cards/Base.prefab
  artifactKey: Guid(329534ad9ea710046935e5c448148929) Importer(815301076,1909f56bfc062723c751e8b465ee728b)
Start importing Assets/Prefabs/Cards/Base.prefab using Guid(329534ad9ea710046935e5c448148929) Importer(815301076,1909f56bfc062723c751e8b465ee728b)  -> (artifact id: '2df358f886dd7fa11e759a49090a9bea') in 0.019930 seconds 
  Import took 0.023221 seconds .

========================================================================
Received Import Request.
  Time since last request: 0.000302 seconds.
  path: Assets/Prefabs/Cards/Defense.prefab
  artifactKey: Guid(86f72f988c3727f41b39555c7222063d) Importer(815301076,1909f56bfc062723c751e8b465ee728b)
Start importing Assets/Prefabs/Cards/Defense.prefab using Guid(86f72f988c3727f41b39555c7222063d) Importer(815301076,1909f56bfc062723c751e8b465ee728b)  -> (artifact id: 'afa129b907e23db294069dc1ecb1e5b2') in 0.020331 seconds 
  Import took 0.023341 seconds .

========================================================================
Received Import Request.
  Time since last request: 0.000145 seconds.
  path: Assets/Prefabs/Cards/Strike.prefab
  artifactKey: Guid(70ab340c7d7325d4ba65932c4ca7626c) Importer(815301076,1909f56bfc062723c751e8b465ee728b)
Start importing Assets/Prefabs/Cards/Strike.prefab using Guid(70ab340c7d7325d4ba65932c4ca7626c) Importer(815301076,1909f56bfc062723c751e8b465ee728b)  -> (artifact id: 'c3f32b8b512301cb37e1705c41706594') in 0.024544 seconds 
  Import took 0.027611 seconds .

========================================================================
Received Import Request.
  Time since last request: 4.780509 seconds.
  path: Assets/Prefabs/Cards/Defense.prefab
  artifactKey: Guid(86f72f988c3727f41b39555c7222063d) Importer(815301076,1909f56bfc062723c751e8b465ee728b)
Start importing Assets/Prefabs/Cards/Defense.prefab using Guid(86f72f988c3727f41b39555c7222063d) Importer(815301076,1909f56bfc062723c751e8b465ee728b)  -> (artifact id: 'ad445d66d0cf738d6a68a9ab480cc609') in 0.016829 seconds 
  Import took 0.020484 seconds .

========================================================================
Received Import Request.
  Time since last request: 7.730801 seconds.
  path: Assets/Prefabs/Cards/Defense.prefab
  artifactKey: Guid(86f72f988c3727f41b39555c7222063d) Importer(815301076,1909f56bfc062723c751e8b465ee728b)
Start importing Assets/Prefabs/Cards/Defense.prefab using Guid(86f72f988c3727f41b39555c7222063d) Importer(815301076,1909f56bfc062723c751e8b465ee728b)  -> (artifact id: '503c01293a6cfef1302aa3f1552615ff') in 0.019360 seconds 
  Import took 0.022936 seconds .

========================================================================
Received Import Request.
  Time since last request: 11.255127 seconds.
  path: Assets/Prefabs/Cards/Strike.prefab
  artifactKey: Guid(70ab340c7d7325d4ba65932c4ca7626c) Importer(815301076,1909f56bfc062723c751e8b465ee728b)
Start importing Assets/Prefabs/Cards/Strike.prefab using Guid(70ab340c7d7325d4ba65932c4ca7626c) Importer(815301076,1909f56bfc062723c751e8b465ee728b)  -> (artifact id: '2e0829ba3ad411fbc8eae036b0fd398c') in 0.018105 seconds 
  Import took 0.021433 seconds .

========================================================================
Received Import Request.
  Time since last request: 16.847611 seconds.
  path: Assets/Prefabs/Cards/Base.prefab
  artifactKey: Guid(329534ad9ea710046935e5c448148929) Importer(815301076,1909f56bfc062723c751e8b465ee728b)
Start importing Assets/Prefabs/Cards/Base.prefab using Guid(329534ad9ea710046935e5c448148929) Importer(815301076,1909f56bfc062723c751e8b465ee728b)  -> (artifact id: '5ad98239a075aef8ff96aa4deef0f53a') in 0.017971 seconds 
  Import took 0.021353 seconds .

========================================================================
Received Import Request.
  Time since last request: 0.000264 seconds.
  path: Assets/Prefabs/Cards/Defense.prefab
  artifactKey: Guid(86f72f988c3727f41b39555c7222063d) Importer(815301076,1909f56bfc062723c751e8b465ee728b)
Start importing Assets/Prefabs/Cards/Defense.prefab using Guid(86f72f988c3727f41b39555c7222063d) Importer(815301076,1909f56bfc062723c751e8b465ee728b)  -> (artifact id: '12c927b5f37facf7f2a7c43423fa20df') in 0.018558 seconds 
  Import took 0.021731 seconds .

========================================================================
Received Import Request.
  Time since last request: 0.000143 seconds.
  path: Assets/Prefabs/Cards/Strike.prefab
  artifactKey: Guid(70ab340c7d7325d4ba65932c4ca7626c) Importer(815301076,1909f56bfc062723c751e8b465ee728b)
Start importing Assets/Prefabs/Cards/Strike.prefab using Guid(70ab340c7d7325d4ba65932c4ca7626c) Importer(815301076,1909f56bfc062723c751e8b465ee728b)  -> (artifact id: '6211efce918718c3516125c2ec81a352') in 0.025110 seconds 
  Import took 0.028604 seconds .

========================================================================
Received Import Request.
  Time since last request: 1.806618 seconds.
  path: Assets/Prefabs/Cards/Base.prefab
  artifactKey: Guid(329534ad9ea710046935e5c448148929) Importer(815301076,1909f56bfc062723c751e8b465ee728b)
Start importing Assets/Prefabs/Cards/Base.prefab using Guid(329534ad9ea710046935e5c448148929) Importer(815301076,1909f56bfc062723c751e8b465ee728b)  -> (artifact id: 'e37c387a37f5f10eea5cf24fe2310a34') in 0.017617 seconds 
  Import took 0.021053 seconds .

========================================================================
Received Import Request.
  Time since last request: 0.000253 seconds.
  path: Assets/Prefabs/Cards/Defense.prefab
  artifactKey: Guid(86f72f988c3727f41b39555c7222063d) Importer(815301076,1909f56bfc062723c751e8b465ee728b)
Start importing Assets/Prefabs/Cards/Defense.prefab using Guid(86f72f988c3727f41b39555c7222063d) Importer(815301076,1909f56bfc062723c751e8b465ee728b)  -> (artifact id: '204e1abf1df9a1e0e92687a777cce9d4') in 0.016419 seconds 
  Import took 0.019764 seconds .

========================================================================
Received Import Request.
  Time since last request: 0.000212 seconds.
  path: Assets/Prefabs/Cards/Strike.prefab
  artifactKey: Guid(70ab340c7d7325d4ba65932c4ca7626c) Importer(815301076,1909f56bfc062723c751e8b465ee728b)
Start importing Assets/Prefabs/Cards/Strike.prefab using Guid(70ab340c7d7325d4ba65932c4ca7626c) Importer(815301076,1909f56bfc062723c751e8b465ee728b)  -> (artifact id: '78c6ead0b7970a74694766f539c1d271') in 0.016389 seconds 
  Import took 0.019672 seconds .

========================================================================
Received Import Request.
  Time since last request: 8.037671 seconds.
  path: Assets/Prefabs/Cards/Defense.prefab
  artifactKey: Guid(86f72f988c3727f41b39555c7222063d) Importer(815301076,1909f56bfc062723c751e8b465ee728b)
Start importing Assets/Prefabs/Cards/Defense.prefab using Guid(86f72f988c3727f41b39555c7222063d) Importer(815301076,1909f56bfc062723c751e8b465ee728b)  -> (artifact id: '87699ae170e8f4c02ef78e4b52a5da32') in 0.027018 seconds 
  Import took 0.030511 seconds .

========================================================================
Received Import Request.
  Time since last request: 2.444517 seconds.
  path: Assets/Prefabs/Cards/Defense.prefab
  artifactKey: Guid(86f72f988c3727f41b39555c7222063d) Importer(815301076,1909f56bfc062723c751e8b465ee728b)
Start importing Assets/Prefabs/Cards/Defense.prefab using Guid(86f72f988c3727f41b39555c7222063d) Importer(815301076,1909f56bfc062723c751e8b465ee728b)  -> (artifact id: '18b1ebf4cf2c5dc49e200236aade9ae9') in 0.019091 seconds 
  Import took 0.022617 seconds .

========================================================================
Received Import Request.
  Time since last request: 8.309529 seconds.
  path: Assets/Prefabs/Cards/Strike.prefab
  artifactKey: Guid(70ab340c7d7325d4ba65932c4ca7626c) Importer(815301076,1909f56bfc062723c751e8b465ee728b)
Start importing Assets/Prefabs/Cards/Strike.prefab using Guid(70ab340c7d7325d4ba65932c4ca7626c) Importer(815301076,1909f56bfc062723c751e8b465ee728b)  -> (artifact id: 'bfb7a5e4251fd39102677f651e748be7') in 0.022897 seconds 
  Import took 0.026673 seconds .

========================================================================
Received Import Request.
  Time since last request: 3.077951 seconds.
  path: Assets/Prefabs/Cards/Strike.prefab
  artifactKey: Guid(70ab340c7d7325d4ba65932c4ca7626c) Importer(815301076,1909f56bfc062723c751e8b465ee728b)
Start importing Assets/Prefabs/Cards/Strike.prefab using Guid(70ab340c7d7325d4ba65932c4ca7626c) Importer(815301076,1909f56bfc062723c751e8b465ee728b)  -> (artifact id: 'f9b8e8d70036bbb522ce68cf61d42a3a') in 0.020067 seconds 
  Import took 0.023700 seconds .

========================================================================
Received Import Request.
  Time since last request: 14.231728 seconds.
  path: Assets/Prefabs/Cards/Strike.prefab
  artifactKey: Guid(70ab340c7d7325d4ba65932c4ca7626c) Importer(815301076,1909f56bfc062723c751e8b465ee728b)
Start importing Assets/Prefabs/Cards/Strike.prefab using Guid(70ab340c7d7325d4ba65932c4ca7626c) Importer(815301076,1909f56bfc062723c751e8b465ee728b)  -> (artifact id: '99b5e8445b93c2d4318edbd26a4cb73f') in 0.026970 seconds 
  Import took 0.031171 seconds .

========================================================================
Received Import Request.
  Time since last request: 87.966455 seconds.
  path: Assets/Prefabs/Cards/Strike.prefab
  artifactKey: Guid(70ab340c7d7325d4ba65932c4ca7626c) Importer(815301076,1909f56bfc062723c751e8b465ee728b)
Start importing Assets/Prefabs/Cards/Strike.prefab using Guid(70ab340c7d7325d4ba65932c4ca7626c) Importer(815301076,1909f56bfc062723c751e8b465ee728b)  -> (artifact id: '67090a1b12f24e35a0ee59664e2a2bdb') in 0.018569 seconds 
  Import took 0.022433 seconds .

========================================================================
Received Import Request.
  Time since last request: 2.290840 seconds.
  path: Assets/Prefabs/Cards/Strike.prefab
  artifactKey: Guid(70ab340c7d7325d4ba65932c4ca7626c) Importer(815301076,1909f56bfc062723c751e8b465ee728b)
Start importing Assets/Prefabs/Cards/Strike.prefab using Guid(70ab340c7d7325d4ba65932c4ca7626c) Importer(815301076,1909f56bfc062723c751e8b465ee728b)  -> (artifact id: 'ea88f25c291e7999e49de1972628d5e6') in 0.019311 seconds 
  Import took 0.022862 seconds .

========================================================================
Received Import Request.
  Time since last request: 11.196266 seconds.
  path: Assets/Prefabs/Cards/Strike.prefab
  artifactKey: Guid(70ab340c7d7325d4ba65932c4ca7626c) Importer(815301076,1909f56bfc062723c751e8b465ee728b)
Start importing Assets/Prefabs/Cards/Strike.prefab using Guid(70ab340c7d7325d4ba65932c4ca7626c) Importer(815301076,1909f56bfc062723c751e8b465ee728b)  -> (artifact id: 'cbceeb0b07c84c328514d972adbf8eba') in 0.021674 seconds 
  Import took 0.025165 seconds .

========================================================================
Received Prepare
Registering precompiled user dll's ...
Registered in 0.003871 seconds.
Begin MonoManager ReloadAssembly
Native extension for WindowsStandalone target not found
Refreshing native plugins compatible for Editor in 0.44 ms, found 3 plugins.
Preloading 0 native plugins for Editor in 0.00 ms.
Mono: successfully reloaded assembly
- Completed reload, in  0.901 seconds
Domain Reload Profiling:
	ReloadAssembly (901ms)
		BeginReloadAssembly (107ms)
			ExecutionOrderSort (0ms)
			DisableScriptedObjects (5ms)
			BackupInstance (0ms)
			ReleaseScriptingObjects (0ms)
			CreateAndSetChildDomain (33ms)
		EndReloadAssembly (743ms)
			LoadAssemblies (75ms)
			RebuildTransferFunctionScriptingTraits (0ms)
			SetupTypeCache (284ms)
			ReleaseScriptCaches (1ms)
			RebuildScriptCaches (43ms)
			SetupLoadedEditorAssemblies (253ms)
				LogAssemblyErrors (0ms)
				InitializePlatformSupportModulesInManaged (4ms)
				SetLoadedEditorAssemblies (0ms)
				RefreshPlugins (0ms)
				BeforeProcessingInitializeOnLoad (69ms)
				ProcessInitializeOnLoadAttributes (163ms)
				ProcessInitializeOnLoadMethodAttributes (12ms)
				AfterProcessingInitializeOnLoad (4ms)
				EditorAssembliesLoaded (0ms)
			ExecutionOrderSort2 (0ms)
			AwakeInstancesAfterBackupRestoration (8ms)
Platform modules already initialized, skipping
Refreshing native plugins compatible for Editor in 0.59 ms, found 3 plugins.
Preloading 0 native plugins for Editor in 0.00 ms.
Unloading 2350 Unused Serialized files (Serialized files now loaded: 0)
System memory in use before: 105.9 MB.
System memory in use after: 106.1 MB.

Unloading 22 unused Assets to reduce memory usage. Loaded Objects now: 2820.
Total: 2.585000 ms (FindLiveObjects: 0.205600 ms CreateObjectMapping: 0.090400 ms MarkObjects: 2.273900 ms  DeleteObjects: 0.014100 ms)

AssetImportParameters requested are different than current active one (requested -> active):
  custom:framework-win-MediaFoundation: 216162199b28c13a410421893ffa2e32 -> 
  custom:video-decoder-ogg-theora: a1e56fd34408186e4bbccfd4996cb3dc -> 
  custom:container-muxer-webm: aa71ff27fc2769a1b78a27578f13a17b -> 
  custom:container-demuxer-webm: 4f35f7cbe854078d1ac9338744f61a02 -> 
  custom:container-demuxer-ogg: 62fdf1f143b41e24485cea50d1cbac27 -> 
  custom:video-encoder-webm-vp8: eb34c28f22e8b96e1ab97ce403110664 -> 
  custom:video-codec-MediaFoundation-h265: 746d11721c4dcdbdad8f713fa42b33f4 -> 
  custom:video-decoder-webm-vp8: 9c59270c3fd7afecdb556c50c9e8de78 -> 
  custom:audio-decoder-ogg-vorbis: bf7c407c2cedff20999df2af8eb42d56 -> 
  custom:audio-encoder-webm-vorbis: bf7c407c2cedff20999df2af8eb42d56 -> 
========================================================================
Received Import Request.
  Time since last request: 43.066460 seconds.
  path: Assets/Prefabs/Cards/Strike.prefab
  artifactKey: Guid(70ab340c7d7325d4ba65932c4ca7626c) Importer(815301076,1909f56bfc062723c751e8b465ee728b)
Start importing Assets/Prefabs/Cards/Strike.prefab using Guid(70ab340c7d7325d4ba65932c4ca7626c) Importer(815301076,1909f56bfc062723c751e8b465ee728b)  -> (artifact id: 'bf679d1f62e6f11510e5699daaec1c21') in 0.059393 seconds 
  Import took 0.062508 seconds .

========================================================================
Received Prepare
Registering precompiled user dll's ...
Registered in 0.003817 seconds.
Begin MonoManager ReloadAssembly
Native extension for WindowsStandalone target not found
Refreshing native plugins compatible for Editor in 0.43 ms, found 3 plugins.
Preloading 0 native plugins for Editor in 0.00 ms.
Mono: successfully reloaded assembly
- Completed reload, in  0.901 seconds
Domain Reload Profiling:
	ReloadAssembly (901ms)
		BeginReloadAssembly (103ms)
			ExecutionOrderSort (0ms)
			DisableScriptedObjects (5ms)
			BackupInstance (0ms)
			ReleaseScriptingObjects (0ms)
			CreateAndSetChildDomain (31ms)
		EndReloadAssembly (749ms)
			LoadAssemblies (69ms)
			RebuildTransferFunctionScriptingTraits (0ms)
			SetupTypeCache (277ms)
			ReleaseScriptCaches (1ms)
			RebuildScriptCaches (45ms)
			SetupLoadedEditorAssemblies (261ms)
				LogAssemblyErrors (0ms)
				InitializePlatformSupportModulesInManaged (4ms)
				SetLoadedEditorAssemblies (0ms)
				RefreshPlugins (0ms)
				BeforeProcessingInitializeOnLoad (69ms)
				ProcessInitializeOnLoadAttributes (170ms)
				ProcessInitializeOnLoadMethodAttributes (11ms)
				AfterProcessingInitializeOnLoad (5ms)
				EditorAssembliesLoaded (0ms)
			ExecutionOrderSort2 (0ms)
			AwakeInstancesAfterBackupRestoration (8ms)
Platform modules already initialized, skipping
Refreshing native plugins compatible for Editor in 0.43 ms, found 3 plugins.
Preloading 0 native plugins for Editor in 0.00 ms.
Unloading 2350 Unused Serialized files (Serialized files now loaded: 0)
System memory in use before: 105.9 MB.
System memory in use after: 106.1 MB.

Unloading 22 unused Assets to reduce memory usage. Loaded Objects now: 2823.
Total: 3.088400 ms (FindLiveObjects: 0.206100 ms CreateObjectMapping: 0.086200 ms MarkObjects: 2.780600 ms  DeleteObjects: 0.014500 ms)

AssetImportParameters requested are different than current active one (requested -> active):
  custom:framework-win-MediaFoundation: 216162199b28c13a410421893ffa2e32 -> 
  custom:video-decoder-ogg-theora: a1e56fd34408186e4bbccfd4996cb3dc -> 
  custom:container-muxer-webm: aa71ff27fc2769a1b78a27578f13a17b -> 
  custom:container-demuxer-webm: 4f35f7cbe854078d1ac9338744f61a02 -> 
  custom:container-demuxer-ogg: 62fdf1f143b41e24485cea50d1cbac27 -> 
  custom:video-encoder-webm-vp8: eb34c28f22e8b96e1ab97ce403110664 -> 
  custom:video-codec-MediaFoundation-h265: 746d11721c4dcdbdad8f713fa42b33f4 -> 
  custom:video-decoder-webm-vp8: 9c59270c3fd7afecdb556c50c9e8de78 -> 
  custom:audio-decoder-ogg-vorbis: bf7c407c2cedff20999df2af8eb42d56 -> 
  custom:audio-encoder-webm-vorbis: bf7c407c2cedff20999df2af8eb42d56 -> 
========================================================================
Received Prepare
Registering precompiled user dll's ...
Registered in 0.003812 seconds.
Begin MonoManager ReloadAssembly
Native extension for WindowsStandalone target not found
Refreshing native plugins compatible for Editor in 0.43 ms, found 3 plugins.
Preloading 0 native plugins for Editor in 0.00 ms.
Mono: successfully reloaded assembly
- Completed reload, in  0.852 seconds
Domain Reload Profiling:
	ReloadAssembly (852ms)
		BeginReloadAssembly (93ms)
			ExecutionOrderSort (0ms)
			DisableScriptedObjects (5ms)
			BackupInstance (0ms)
			ReleaseScriptingObjects (0ms)
			CreateAndSetChildDomain (28ms)
		EndReloadAssembly (711ms)
			LoadAssemblies (67ms)
			RebuildTransferFunctionScriptingTraits (0ms)
			SetupTypeCache (271ms)
			ReleaseScriptCaches (1ms)
			RebuildScriptCaches (40ms)
			SetupLoadedEditorAssemblies (247ms)
				LogAssemblyErrors (0ms)
				InitializePlatformSupportModulesInManaged (4ms)
				SetLoadedEditorAssemblies (0ms)
				RefreshPlugins (0ms)
				BeforeProcessingInitializeOnLoad (70ms)
				ProcessInitializeOnLoadAttributes (159ms)
				ProcessInitializeOnLoadMethodAttributes (9ms)
				AfterProcessingInitializeOnLoad (3ms)
				EditorAssembliesLoaded (0ms)
			ExecutionOrderSort2 (0ms)
			AwakeInstancesAfterBackupRestoration (7ms)
Platform modules already initialized, skipping
Refreshing native plugins compatible for Editor in 0.40 ms, found 3 plugins.
Preloading 0 native plugins for Editor in 0.00 ms.
Unloading 2350 Unused Serialized files (Serialized files now loaded: 0)
System memory in use before: 105.8 MB.
System memory in use after: 106.1 MB.

Unloading 22 unused Assets to reduce memory usage. Loaded Objects now: 2825.
Total: 2.549900 ms (FindLiveObjects: 0.187400 ms CreateObjectMapping: 0.088400 ms MarkObjects: 2.261400 ms  DeleteObjects: 0.012100 ms)

AssetImportParameters requested are different than current active one (requested -> active):
  custom:framework-win-MediaFoundation: 216162199b28c13a410421893ffa2e32 -> 
  custom:video-decoder-ogg-theora: a1e56fd34408186e4bbccfd4996cb3dc -> 
  custom:container-muxer-webm: aa71ff27fc2769a1b78a27578f13a17b -> 
  custom:container-demuxer-webm: 4f35f7cbe854078d1ac9338744f61a02 -> 
  custom:container-demuxer-ogg: 62fdf1f143b41e24485cea50d1cbac27 -> 
  custom:video-encoder-webm-vp8: eb34c28f22e8b96e1ab97ce403110664 -> 
  custom:video-codec-MediaFoundation-h265: 746d11721c4dcdbdad8f713fa42b33f4 -> 
  custom:video-decoder-webm-vp8: 9c59270c3fd7afecdb556c50c9e8de78 -> 
  custom:audio-decoder-ogg-vorbis: bf7c407c2cedff20999df2af8eb42d56 -> 
  custom:audio-encoder-webm-vorbis: bf7c407c2cedff20999df2af8eb42d56 -> 
AssetImportWorkerClient::OnTransportError - code=2 error=End of file
