
=== Sat Oct 30 13:03:38 2021

Packages were changed.
Update Mode: updateDependencies

The following packages were updated:
  com.unity.2d.animation from version 5.0.5 to 5.0.8
  com.unity.2d.psdimporter from version 4.0.2 to 4.1.1
  com.unity.2d.spriteshape from version 5.1.2 to 5.1.5
  com.unity.collab-proxy from version 1.5.7 to 1.13.5
  com.unity.ide.visualstudio from version 2.0.9 to 2.0.11
  com.unity.ide.vscode from version 1.2.3 to 1.2.4
  com.unity.test-framework from version 1.1.26 to 1.1.29

=== Mon Jan 17 10:38:13 2022

Packages were changed.
Update Mode: updateDependencies

The following packages were updated:
  com.unity.2d.animation from version 5.0.8 to 5.0.10
  com.unity.2d.psdimporter from version 4.1.1 to 4.1.3
  com.unity.2d.spriteshape from version 5.1.5 to 5.1.7
  com.unity.collab-proxy from version 1.13.5 to 1.15.7

=== Thu Mar  3 11:34:12 2022

Packages were changed.
Update Mode: updateDependencies

The following packages were updated:
  com.unity.2d.animation from version 5.0.10 to 5.1.0
  com.unity.2d.psdimporter from version 4.1.3 to 4.2.0
  com.unity.2d.spriteshape from version 5.1.7 to 5.2.0
  com.unity.collab-proxy from version 1.15.7 to 1.15.12

=== Thu Mar 17 12:54:17 2022

Packages were changed.
Update Mode: resetToDefaultDependencies

The following packages were added:
  com.unity.modules.autostreaming@1.0.0
The following packages were updated:
  com.unity.collab-proxy from version 1.15.12 to 1.13.5
  com.unity.ide.visualstudio from version 2.0.14 to 2.0.11
The following packages were removed:
  com.unity.2d.animation@5.1.0
  com.unity.2d.pixel-perfect@4.0.1
  com.unity.2d.psdimporter@4.2.0
  com.unity.2d.sprite@1.0.0
  com.unity.2d.spriteshape@5.2.0
  com.unity.2d.tilemap@1.0.0
